Phase 0 time 1
Class 0:
Minimum packet latency = 1.79769e+308
Average packet latency = -nan
Maximum packet latency = 2.22507e-308
Minimum network latency = 1.79769e+308
Average network latency = -nan
Maximum network latency = 2.22507e-308
Slowest packet = -1
Minimum flit latency = 1.79769e+308
Average flit latency = -nan
Maximum flit latency = 2.22507e-308
Slowest flit = -1
Minimum fragmentation = 1.79769e+308
Average fragmentation = -nan
Maximum fragmentation = 2.22507e-308
Minimum injected packet rate = 0 (at node 0)
Average injected packet rate = 0
Maximum injected packet rate = 0 (at node 0)
Minimum accepted packet rate = 0 (at node 0)
Average accepted packet rate = 0
Maximum accepted packet rate = 0 (at node 0)
Minimum injected flit rate = 0 (at node 0)
Average injected flit rate = 0
Maximum injected flit rate = 0 (at node 0)
Minimum accepted flit rate = 0 (at node 0)
Average accepted flit rate = 0
Maximum accepted flit rate = 0 (at node 0)
Average injected packet length = -nan
Average accepted packet length = -nan
Total in-flight flits = 0 (0 measured)
latency change    = nan
throughput change = nan

Phase 1 time 1000001
Class 0:
Minimum packet latency = 8
Average packet latency = 11.0213
Maximum packet latency = 20
Minimum network latency = 8
Average network latency = 11.0213
Maximum network latency = 20
Slowest packet = 43
Minimum flit latency = 8
Average flit latency = 9.02547
Maximum flit latency = 16
Slowest flit = 127
Minimum fragmentation = 0
Average fragmentation = 0.00606363
Maximum fragmentation = 5
Minimum injected packet rate = 0.001986 (at node 3)
Average injected packet rate = 0.00300975
Maximum injected packet rate = 0.00601999 (at node 0)
Minimum accepted packet rate = 0.001987 (at node 3)
Average accepted packet rate = 0.00300975
Maximum accepted packet rate = 0.00601899 (at node 0)
Minimum injected flit rate = 0.00645399 (at node 3)
Average injected flit rate = 0.00902874
Maximum injected flit rate = 0.016568 (at node 0)
Minimum accepted flit rate = 0.00546299 (at node 3)
Average accepted flit rate = 0.00902874
Maximum accepted flit rate = 0.019547 (at node 0)
Average injected packet length = 2.99983
Average accepted packet length = 2.99983
Total in-flight flits = 0 (0 measured)
latency change    = nan
throughput change = 1

Phase 2 time 2000001
Class 0:
Minimum packet latency = 8
Average packet latency = 11.0349
Maximum packet latency = 20
Minimum network latency = 8
Average network latency = 11.0349
Maximum network latency = 20
Slowest packet = 43
Minimum flit latency = 8
Average flit latency = 9.03721
Maximum flit latency = 16
Slowest flit = 127
Minimum fragmentation = 0
Average fragmentation = 0.00966009
Maximum fragmentation = 5
Minimum injected packet rate = 0.001612 (at node 3)
Average injected packet rate = 0.00241975
Maximum injected packet rate = 0.0048395 (at node 0)
Minimum accepted packet rate = 0.001612 (at node 3)
Average accepted packet rate = 0.00241975
Maximum accepted packet rate = 0.0048395 (at node 0)
Minimum injected flit rate = 0.005092 (at node 3)
Average injected flit rate = 0.00725925
Maximum injected flit rate = 0.0137515 (at node 0)
Minimum accepted flit rate = 0.00458 (at node 3)
Average accepted flit rate = 0.00725925
Maximum accepted flit rate = 0.0152855 (at node 0)
Average injected packet length = 3
Average accepted packet length = 3
Total in-flight flits = 0 (0 measured)
latency change    = 0.00123292
throughput change = 0.243757

Phase 3 time 3000001
Class 0:
Minimum packet latency = 8
Average packet latency = 11.035
Maximum packet latency = 20
Minimum network latency = 8
Average network latency = 11.035
Maximum network latency = 20
Slowest packet = 43
Minimum flit latency = 8
Average flit latency = 9.03657
Maximum flit latency = 16
Slowest flit = 127
Minimum fragmentation = 0
Average fragmentation = 0.00903587
Maximum fragmentation = 5
Minimum injected packet rate = 0.001205 (at node 2)
Average injected packet rate = 0.00181683
Maximum injected packet rate = 0.00363367 (at node 0)
Minimum accepted packet rate = 0.001205 (at node 2)
Average accepted packet rate = 0.00181683
Maximum accepted packet rate = 0.00363367 (at node 0)
Minimum injected flit rate = 0.003785 (at node 2)
Average injected flit rate = 0.0054505
Maximum injected flit rate = 0.0103897 (at node 0)
Minimum accepted flit rate = 0.003445 (at node 2)
Average accepted flit rate = 0.0054505
Maximum accepted flit rate = 0.0114123 (at node 0)
Average injected packet length = 3
Average accepted packet length = 3
Total in-flight flits = 0 (0 measured)
latency change    = 1.57092e-05
throughput change = 0.33185

Phase 4 time 4000001
Class 0:
Minimum packet latency = 8
Average packet latency = 11.0436
Maximum packet latency = 20
Minimum network latency = 8
Average network latency = 11.0436
Maximum network latency = 20
Slowest packet = 43
Minimum flit latency = 8
Average flit latency = 9.04406
Maximum flit latency = 16
Slowest flit = 127
Minimum fragmentation = 0
Average fragmentation = 0.00920778
Maximum fragmentation = 5
Minimum injected packet rate = 0.001189 (at node 2)
Average injected packet rate = 0.00179875
Maximum injected packet rate = 0.0035975 (at node 0)
Minimum accepted packet rate = 0.001189 (at node 2)
Average accepted packet rate = 0.00179875
Maximum accepted packet rate = 0.0035975 (at node 0)
Minimum injected flit rate = 0.003695 (at node 2)
Average injected flit rate = 0.00539625
Maximum injected flit rate = 0.0104085 (at node 0)
Minimum accepted flit rate = 0.003439 (at node 2)
Average accepted flit rate = 0.00539625
Maximum accepted flit rate = 0.0111765 (at node 0)
Average injected packet length = 3
Average accepted packet length = 3
Total in-flight flits = 0 (0 measured)
latency change    = 0.000775473
throughput change = 0.0100532

Phase 5 time 5000001
Class 0:
Minimum packet latency = 8
Average packet latency = 11.0419
Maximum packet latency = 20
Minimum network latency = 8
Average network latency = 11.0419
Maximum network latency = 20
Slowest packet = 43
Minimum flit latency = 8
Average flit latency = 9.04159
Maximum flit latency = 16
Slowest flit = 127
Minimum fragmentation = 0
Average fragmentation = 0.0101382
Maximum fragmentation = 5
Minimum injected packet rate = 0.0011712 (at node 2)
Average injected packet rate = 0.0017656
Maximum injected packet rate = 0.0035312 (at node 0)
Minimum accepted packet rate = 0.0011712 (at node 2)
Average accepted packet rate = 0.0017656
Maximum accepted packet rate = 0.0035312 (at node 0)
Minimum injected flit rate = 0.003616 (at node 2)
Average injected flit rate = 0.0052968
Maximum injected flit rate = 0.0102864 (at node 0)
Minimum accepted flit rate = 0.0034112 (at node 2)
Average accepted flit rate = 0.0052968
Maximum accepted flit rate = 0.0109008 (at node 0)
Average injected packet length = 3
Average accepted packet length = 3
Total in-flight flits = 0 (0 measured)
latency change    = 0.000158598
throughput change = 0.0187754

Phase 6 time 6000001
Class 0:
Minimum packet latency = 8
Average packet latency = 11.0403
Maximum packet latency = 20
Minimum network latency = 8
Average network latency = 11.0403
Maximum network latency = 20
Slowest packet = 43
Minimum flit latency = 8
Average flit latency = 9.04016
Maximum flit latency = 16
Slowest flit = 127
Minimum fragmentation = 0
Average fragmentation = 0.00972558
Maximum fragmentation = 5
Minimum injected packet rate = 0.00104833 (at node 1)
Average injected packet rate = 0.00158517
Maximum injected packet rate = 0.00317033 (at node 0)
Minimum accepted packet rate = 0.00104833 (at node 1)
Average accepted packet rate = 0.00158517
Maximum accepted packet rate = 0.00317033 (at node 0)
Minimum injected flit rate = 0.00323033 (at node 1)
Average injected flit rate = 0.0047555
Maximum injected flit rate = 0.009255 (at node 0)
Minimum accepted flit rate = 0.00305967 (at node 1)
Average accepted flit rate = 0.0047555
Maximum accepted flit rate = 0.009767 (at node 0)
Average injected packet length = 3
Average accepted packet length = 3
Total in-flight flits = 0 (0 measured)
latency change    = 0.000138921
throughput change = 0.113826

Phase 7 time 7000001
Class 0:
Minimum packet latency = 8
Average packet latency = 11.0427
Maximum packet latency = 20
Minimum network latency = 8
Average network latency = 11.0427
Maximum network latency = 20
Slowest packet = 43
Minimum flit latency = 8
Average flit latency = 9.04257
Maximum flit latency = 16
Slowest flit = 127
Minimum fragmentation = 0
Average fragmentation = 0.00930597
Maximum fragmentation = 5
Minimum injected packet rate = 0.00108714 (at node 1)
Average injected packet rate = 0.00164257
Maximum injected packet rate = 0.00328514 (at node 0)
Minimum accepted packet rate = 0.00108714 (at node 1)
Average accepted packet rate = 0.00164257
Maximum accepted packet rate = 0.00328514 (at node 0)
Minimum injected flit rate = 0.00333457 (at node 1)
Average injected flit rate = 0.00492771
Maximum injected flit rate = 0.009636 (at node 0)
Minimum accepted flit rate = 0.00318829 (at node 1)
Average accepted flit rate = 0.00492771
Maximum accepted flit rate = 0.0100749 (at node 0)
Average injected packet length = 3
Average accepted packet length = 3
Total in-flight flits = 0 (0 measured)
latency change    = 0.000219586
throughput change = 0.0349481

Phase 8 time 8000001
Class 0:
Minimum packet latency = 8
Average packet latency = 11.0451
Maximum packet latency = 20
Minimum network latency = 8
Average network latency = 11.0451
Maximum network latency = 20
Slowest packet = 43
Minimum flit latency = 8
Average flit latency = 9.0445
Maximum flit latency = 16
Slowest flit = 127
Minimum fragmentation = 0
Average fragmentation = 0.00985761
Maximum fragmentation = 5
Minimum injected packet rate = 0.00105475 (at node 1)
Average injected packet rate = 0.00159775
Maximum injected packet rate = 0.0031955 (at node 0)
Minimum accepted packet rate = 0.00105475 (at node 1)
Average accepted packet rate = 0.00159775
Maximum accepted packet rate = 0.0031955 (at node 0)
Minimum injected flit rate = 0.00322825 (at node 1)
Average injected flit rate = 0.00479325
Maximum injected flit rate = 0.0093945 (at node 0)
Minimum accepted flit rate = 0.00310025 (at node 1)
Average accepted flit rate = 0.00479325
Maximum accepted flit rate = 0.0097785 (at node 0)
Average injected packet length = 3
Average accepted packet length = 3
Total in-flight flits = 0 (0 measured)
latency change    = 0.000215071
throughput change = 0.0280528

Phase 9 time 9000001
Class 0:
Minimum packet latency = 8
Average packet latency = 11.0429
Maximum packet latency = 20
Minimum network latency = 8
Average network latency = 11.0429
Maximum network latency = 20
Slowest packet = 43
Minimum flit latency = 8
Average flit latency = 9.0422
Maximum flit latency = 16
Slowest flit = 127
Minimum fragmentation = 0
Average fragmentation = 0.00949018
Maximum fragmentation = 5
Minimum injected packet rate = 0.000994222 (at node 1)
Average injected packet rate = 0.00151033
Maximum injected packet rate = 0.00302067 (at node 0)
Minimum accepted packet rate = 0.000994222 (at node 1)
Average accepted packet rate = 0.00151033
Maximum accepted packet rate = 0.00302067 (at node 0)
Minimum injected flit rate = 0.00303956 (at node 1)
Average injected flit rate = 0.004531
Maximum injected flit rate = 0.00889133 (at node 0)
Minimum accepted flit rate = 0.00292578 (at node 1)
Average accepted flit rate = 0.004531
Maximum accepted flit rate = 0.00923267 (at node 0)
Average injected packet length = 3
Average accepted packet length = 3
Total in-flight flits = 0 (0 measured)
latency change    = 0.000198819
throughput change = 0.057879

Phase 10 time 10000001
Class 0:
Minimum packet latency = 8
Average packet latency = 11.049
Maximum packet latency = 20
Minimum network latency = 8
Average network latency = 11.049
Maximum network latency = 20
Slowest packet = 43
Minimum flit latency = 8
Average flit latency = 9.04857
Maximum flit latency = 16
Slowest flit = 127
Minimum fragmentation = 0
Average fragmentation = 0.00924327
Maximum fragmentation = 5
Minimum injected packet rate = 0.0010276 (at node 1)
Average injected packet rate = 0.0015633
Maximum injected packet rate = 0.0031266 (at node 0)
Minimum accepted packet rate = 0.0010276 (at node 1)
Average accepted packet rate = 0.0015633
Maximum accepted packet rate = 0.0031266 (at node 0)
Minimum injected flit rate = 0.003134 (at node 1)
Average injected flit rate = 0.0046899
Maximum injected flit rate = 0.0092262 (at node 0)
Minimum accepted flit rate = 0.0030316 (at node 1)
Average accepted flit rate = 0.0046899
Maximum accepted flit rate = 0.0095334 (at node 0)
Average injected packet length = 3
Average accepted packet length = 3
Total in-flight flits = 0 (0 measured)
latency change    = 0.000546696
throughput change = 0.0338813

Phase 11 time 11000001
Class 0:
Minimum packet latency = 8
Average packet latency = 11.0467
Maximum packet latency = 20
Minimum network latency = 8
Average network latency = 11.0467
Maximum network latency = 20
Slowest packet = 43
Minimum flit latency = 8
Average flit latency = 9.04614
Maximum flit latency = 16
Slowest flit = 127
Minimum fragmentation = 0
Average fragmentation = 0.00961767
Maximum fragmentation = 5
Minimum injected packet rate = 0.00100873 (at node 1)
Average injected packet rate = 0.00152891
Maximum injected packet rate = 0.00305782 (at node 0)
Minimum accepted packet rate = 0.00100873 (at node 1)
Average accepted packet rate = 0.00152891
Maximum accepted packet rate = 0.00305782 (at node 0)
Minimum injected flit rate = 0.00307273 (at node 1)
Average injected flit rate = 0.00458673
Maximum injected flit rate = 0.00903382 (at node 0)
Minimum accepted flit rate = 0.00297964 (at node 1)
Average accepted flit rate = 0.00458673
Maximum accepted flit rate = 0.00931309 (at node 0)
Average injected packet length = 3
Average accepted packet length = 3
Total in-flight flits = 0 (0 measured)
latency change    = 0.00020737
throughput change = 0.0224937

Phase 12 time 12000001
Class 0:
Minimum packet latency = 8
Average packet latency = 11.0492
Maximum packet latency = 20
Minimum network latency = 8
Average network latency = 11.0492
Maximum network latency = 20
Slowest packet = 43
Minimum flit latency = 8
Average flit latency = 9.04849
Maximum flit latency = 16
Slowest flit = 127
Minimum fragmentation = 0
Average fragmentation = 0.00943824
Maximum fragmentation = 5
Minimum injected packet rate = 0.000971833 (at node 1)
Average injected packet rate = 0.00147008
Maximum injected packet rate = 0.00294017 (at node 0)
Minimum accepted packet rate = 0.000971833 (at node 1)
Average accepted packet rate = 0.00147008
Maximum accepted packet rate = 0.00294017 (at node 0)
Minimum injected flit rate = 0.00295817 (at node 1)
Average injected flit rate = 0.00441025
Maximum injected flit rate = 0.0086925 (at node 0)
Minimum accepted flit rate = 0.00287283 (at node 1)
Average accepted flit rate = 0.00441025
Maximum accepted flit rate = 0.0089485 (at node 0)
Average injected packet length = 3
Average accepted packet length = 3
Total in-flight flits = 0 (0 measured)
latency change    = 0.000231303
throughput change = 0.0400152

Phase 13 time 13000001
Class 0:
Minimum packet latency = 8
Average packet latency = 11.0475
Maximum packet latency = 20
Minimum network latency = 8
Average network latency = 11.0475
Maximum network latency = 20
Slowest packet = 43
Minimum flit latency = 8
Average flit latency = 9.04672
Maximum flit latency = 17
Slowest flit = 213925
Minimum fragmentation = 0
Average fragmentation = 0.00953757
Maximum fragmentation = 5
Minimum injected packet rate = 0.00101185 (at node 2)
Average injected packet rate = 0.00153038
Maximum injected packet rate = 0.00306077 (at node 0)
Minimum accepted packet rate = 0.00101185 (at node 2)
Average accepted packet rate = 0.00153038
Maximum accepted packet rate = 0.00306077 (at node 0)
Minimum injected flit rate = 0.00307492 (at node 2)
Average injected flit rate = 0.00459115
Maximum injected flit rate = 0.00906415 (at node 0)
Minimum accepted flit rate = 0.00299615 (at node 2)
Average accepted flit rate = 0.00459115
Maximum accepted flit rate = 0.00930046 (at node 0)
Average injected packet length = 3
Average accepted packet length = 3
Total in-flight flits = 0 (0 measured)
latency change    = 0.000160239
throughput change = 0.0394027

Phase 14 time 14000001
Class 0:
Minimum packet latency = 8
Average packet latency = 11.0495
Maximum packet latency = 20
Minimum network latency = 8
Average network latency = 11.0495
Maximum network latency = 20
Slowest packet = 43
Minimum flit latency = 8
Average flit latency = 9.04876
Maximum flit latency = 17
Slowest flit = 213925
Minimum fragmentation = 0
Average fragmentation = 0.0101238
Maximum fragmentation = 5
Minimum injected packet rate = 0.000986429 (at node 2)
Average injected packet rate = 0.001494
Maximum injected packet rate = 0.002988 (at node 0)
Minimum accepted packet rate = 0.000986429 (at node 2)
Average accepted packet rate = 0.001494
Maximum accepted packet rate = 0.002988 (at node 0)
Minimum injected flit rate = 0.00299586 (at node 2)
Average injected flit rate = 0.004482
Maximum injected flit rate = 0.00885429 (at node 0)
Minimum accepted flit rate = 0.00292271 (at node 2)
Average accepted flit rate = 0.004482
Maximum accepted flit rate = 0.00907371 (at node 0)
Average injected packet length = 3
Average accepted packet length = 3
Total in-flight flits = 0 (0 measured)
latency change    = 0.0001884
throughput change = 0.0243538

Phase 15 time 15000001
Class 0:
Minimum packet latency = 8
Average packet latency = 11.0502
Maximum packet latency = 20
Minimum network latency = 8
Average network latency = 11.0502
Maximum network latency = 20
Slowest packet = 43
Minimum flit latency = 8
Average flit latency = 9.04946
Maximum flit latency = 17
Slowest flit = 213925
Minimum fragmentation = 0
Average fragmentation = 0.0100156
Maximum fragmentation = 5
Minimum injected packet rate = 0.000960533 (at node 2)
Average injected packet rate = 0.0014544
Maximum injected packet rate = 0.0029088 (at node 0)
Minimum accepted packet rate = 0.000960533 (at node 2)
Average accepted packet rate = 0.0014544
Maximum accepted packet rate = 0.0029088 (at node 0)
Minimum injected flit rate = 0.00291573 (at node 2)
Average injected flit rate = 0.0043632
Maximum injected flit rate = 0.008624 (at node 0)
Minimum accepted flit rate = 0.00284747 (at node 2)
Average accepted flit rate = 0.0043632
Maximum accepted flit rate = 0.0088288 (at node 0)
Average injected packet length = 3
Average accepted packet length = 3
Total in-flight flits = 0 (0 measured)
latency change    = 5.97787e-05
throughput change = 0.0272277

Phase 16 time 15849770
Class 0:
Minimum packet latency = 8
Average packet latency = 11.0492
Maximum packet latency = 20
Minimum network latency = 8
Average network latency = 11.0492
Maximum network latency = 20
Slowest packet = 43
Minimum flit latency = 8
Average flit latency = 9.04842
Maximum flit latency = 17
Slowest flit = 213925
Minimum fragmentation = 0
Average fragmentation = 0.00962356
Maximum fragmentation = 5
Minimum injected packet rate = 0.000980203 (at node 2)
Average injected packet rate = 0.0014833
Maximum injected packet rate = 0.0029666 (at node 0)
Minimum accepted packet rate = 0.000980203 (at node 2)
Average accepted packet rate = 0.0014833
Maximum accepted packet rate = 0.0029666 (at node 0)
Minimum injected flit rate = 0.00297291 (at node 2)
Average injected flit rate = 0.00444991
Maximum injected flit rate = 0.0088029 (at node 0)
Minimum accepted flit rate = 0.00290831 (at node 2)
Average accepted flit rate = 0.00444991
Maximum accepted flit rate = 0.00899672 (at node 0)
Average injected packet length = 3
Average accepted packet length = 3
Total in-flight flits = 0 (0 measured)
latency change    = 9.35286e-05
throughput change = 0.0194852

Draining remaining packets ...
Time 15849770
Total phase 17
Time taken is 15849770 cycles
====== Traffic class 0 ======
Overall minimum packet latency = 8 (1 samples)
Overall average packet latency = 11.0492 (1 samples)
Overall maximum packet latency = 20 (1 samples)
Overall minimum network latency = 8 (1 samples)
Overall average network latency = 11.0492 (1 samples)
Overall maximum network latency = 20 (1 samples)
Overall minimum flit latency = 8 (1 samples)
Overall average flit latency = 9.04842 (1 samples)
Overall maximum flit latency = 17 (1 samples)
Overall minimum fragmentation = 0 (1 samples)
Overall average fragmentation = 0.00962356 (1 samples)
Overall maximum fragmentation = 5 (1 samples)
Overall minimum injected packet rate = 0.000980203 (1 samples)
Overall average injected packet rate = 0.0014833 (1 samples)
Overall maximum injected packet rate = 0.0029666 (1 samples)
Overall minimum accepted packet rate = 0.000980203 (1 samples)
Overall average accepted packet rate = 0.0014833 (1 samples)
Overall maximum accepted packet rate = 0.0029666 (1 samples)
Overall minimum injected flit rate = 0.00297291 (1 samples)
Overall average injected flit rate = 0.00444991 (1 samples)
Overall maximum injected flit rate = 0.0088029 (1 samples)
Overall minimum accepted flit rate = 0.00290831 (1 samples)
Overall average accepted flit rate = 0.00444991 (1 samples)
Overall maximum accepted flit rate = 0.00899672 (1 samples)
Overall average injected packet size = 3 (1 samples)
Overall average accepted packet size = 3 (1 samples)
Overall average hops = 2.339 (1 samples)
BookSim: Total_run_time 67.5485
