#BEGIN Configuration used. Extracted from "/home/cs6290/sesc/confs/cmp4-noc.conf":
cpucore[0:3]='issueX'
NoMigration=true
pageSize  =4096
procsPerNode=4
technology='techParam'
[BPredIssueX]
Metasize  =2048
MetaBits  =2
l2Bits    =1
btbAssoc  =2
l2size    =2048
btbBsize  =1
btbSize   =256
localSize =2048
btbReplPolicy='LRU'
localBits =2
BTACDelay =0
historySize=8
type      ='hybrid'
rasSize   =32
[L2Slice]
numPorts  =2
assoc     =16
numPortsDir=1
inclusive =false
writePolicy='WB'
size      =1048576
deviceType='slicecache'
hitDelayDir=1
MSHR      ='L2MSHR'
missDelay =12
lowerLevel="Router RTR sharedBy 1"
portOccp  =1
replPolicy='LRU'
hitDelay  =12
portOccpDir=1
bsize     =64
[FPClusterIssueX]
fpDivLat  =20
wakeupDelay=2
schedPortOccp=1
fpMultUnit='FPIssueX'
recycleAt ='Execute'
wakeUpPortOccp=1
fpALUUnit ='FPIssueX'
fpDivUnit ='FPIssueX'
schedDelay=1
fpALULat  =1
fpMultLat =8
wakeUpNumPorts=4
winSize   =16
schedNumPorts=4
[issueX]
renameDelay=1
frequency =1.000000e+09
bpred     ='BPredIssueX'
interClusterLat=2
dtlb      ='FXDTLB'
maxBranches=32
intRegs   =64
fetchWidth=2
instQueueSize=32
itlb      ='FXITLB'
bb4Cycle  =1
decodeDelay=2
dataSource="DMemory DL1"
inorder   =false
enableICache=true
retireWidth=2
robSize   =64
maxLoads  =44
instrSource="IMemory IL1"
fpRegs    =64
maxIRequests=4
issueWidth=2
regFileDelay=1
OSType    ='dummy'
stForwardDelay=1
cluster[1:1]='FPClusterIssueX'
cluster   ='FXClusterIssueX'
maxStores =36
[NOC]
booksim_output='booksim.log'
deviceType='booksim'
booksim_sample=1000000
booksim_config='mesh22.booksim'
lowerLevel="MemoryCtrl MemCtrl shared"
[FXITLB]
size      =512
assoc     =4
replPolicy='LRU'
bsize     =8
deviceType='cache'
[DMemory]
bsize     =64
hitDelay  =1
deviceType='smpcache'
assoc     =4
lowerLevel="Router RTR sharedBy 1"
sideLowerLevel="L2Slice L2S"
MSHR      ='DMSHR'
size      =32768
portOccp  =1
protocol  ='DMESI'
missDelay =1
numPorts  =2
replPolicy='LRU'
[MemoryCtrl]
numPorts  =8
lowerLevel="MemoryBus MemoryBus"
delay     =1
deviceType='memoryController'
portOccp  =1
[Memory]
size      =64
replPolicy='LRU'
MSHR      ='NoMSHR'
portOccp  =1
assoc     =1
bsize     =64
deviceType='niceCache'
numPorts  =1
lowerLevel='voidDevice'
missDelay =10000
hitDelay  =200
[IMemory]
lowerLevel="Router RTR sharedBy 1"
bsize     =64
protocol  ='DMESI'
portOccp  =1
size      =32768
MSHR      ='iMSHR'
hitDelay  =1
replPolicy='LRU'
assoc     =4
numPorts  =1
deviceType='icache'
sideLowerLevel=''
missDelay =1
[MemoryBus]
lowerLevel="Memory Memory"
deviceType='bus'
numPorts  =8
portOccp  =8
delay     =5
[FXDTLB]
deviceType='cache'
bsize     =8
assoc     =4
replPolicy='LRU'
size      =512
[FXClusterIssueX]
wakeUpPortOccp=1
iBJUnit   ='ALUIssueX'
iStoreUnit='LDSTIssueX'
iDivLat   =12
winSize   =56
iALUUnit  ='ALUIssueX'
iALULat   =1
schedNumPorts=4
schedDelay=1
iLoadLat  =1
iLoadUnit ='LDSTIssueX'
iMultLat  =4
wakeUpNumPorts=4
iBJLat    =1
iStoreLat =1
iMultUnit ='ALUIssueX'
iDivUnit  ='ALUIssueX'
recycleAt ='Execute'
schedPortOccp=1
wakeupDelay=2
[NoMSHR]
bsize     =64
size      =128
type      ='none'
[L2MSHR]
bsize     =64
size      =64
type      ='single'
[DMSHR]
bsize     =64
type      ='single'
size      =64
[Router]
dimY      =2
numPorts  =2
deviceType='router'
lowerLevel="NOC NOC shared"
portOccp  =1
delay     =1
dimX      =2
[iMSHR]
type      ='single'
size      =32
bsize     =64
[FPIssueX]
Num       =2
Occ       =1
[voidDevice]
deviceType='void'
[LDSTIssueX]
Occ       =1
Num       =1
[FileSys]
mount     ='/bin=/mipsroot/tools/bin:/lib=/mipsroot/tools/lib:/tools=/mipsroot/tools'
[ALUIssueX]
Num       =1
Occ       =1
[techParam]
frequency =1.000000e+09
#END Configuration used. Extracted from "/home/cs6290/sesc/confs/cmp4-noc.conf":
OSSim:beginTime=Mon Mar  2 13:53:03 2020

OSSim:bench=/home/cs6290/sesc/sesc.opt -f radix.rpt -c /home/cs6290/sesc/confs/cmp4-noc.conf -oradix.out -eradix.err radix.mipseb -p1 -n8192 -r256 -m65536 
OSSim:benchName=radix.mipseb
ProcessId(0):totalTime=4484643:waitTime=0:spawnTime=0:exitTime=4484643:Switchs=1
ProcessId(0):cpu=0:migrable=false:pinned=true:pid=0:ppid=-1:parentId=-1
ProcessId:nSwitchs=1:nSpawns=0:nGradInsts=1530954:nWPathInsts=0
Proc(0):clockTicks=4484664
Proc(1):clockTicks=0
Proc(2):clockTicks=0
Proc(3):clockTicks=0
OSSim:reportName=Final
OSSim:msecs=   11.57:nCPUs=4:nCycles=4484665
OSSim:pseudoreset=0
BEGIN GStats::report Final
Read_U=0
Read_S=0
Read_E=0
Read_bS=0
Read_bE=0
Read_bS_H=0
Read_bE_H=0
Write_U=0
Write_S=0
Write_E=0
Write_bS=0
Write_bE=0
Write_bS_H=0
Write_bE_H=0
P(0)_DL1:readHit=115531
P(0)_DL1:writeHit=88342
P(0)_DL1:readMiss=2331
P(0)_DL1:writeMiss=2985
P(0)_DL1:readHalfMiss=7702
P(0)_DL1:writeHalfMiss=4507
P(0)_DL1:writeBack=2782
P(0)_DL1:linePush=0
P(0)_DL1:lineFill=5316
P(0)_DL1:readRetry=0
P(0)_DL1:writeRetry=23
P(0)_DL1:invalDirty=0
P(0)_DL1:allocDirty=2782
P(0)_RTR_CTRLmsgCntHist(1)=2720
P(0)_RTR_CTRLmsgCntHist(2)=2538
P(0)_RTR_CTRLmsgCntHist(3)=1230
P(0)_RTR_CTRLmsgCntHist_MaxKey=3
P(0)_RTR_CTRLmsgCntHist_Avg=1.770345
P(0)_RTR_CTRLmsgCntHist_Samples=6488
P(0)_RTR_CTRLmsgS1Hist(1)=0
P(0)_RTR_CTRLmsgS1Hist(2)=23715
P(0)_RTR_CTRLmsgS1Hist(3)=14808
P(0)_RTR_CTRLmsgS1Hist_MaxKey=3
P(0)_RTR_CTRLmsgS1Hist_Avg=2.384394
P(0)_RTR_CTRLmsgS1Hist_Samples=38523
P(0)_RTR_CTRLmsgS2Hist(1)=0
P(0)_RTR_CTRLmsgS2Hist(2)=224145
P(0)_RTR_CTRLmsgS2Hist(3)=178380
P(0)_RTR_CTRLmsgS2Hist_MaxKey=3
P(0)_RTR_CTRLmsgS2Hist_Avg=2.443153
P(0)_RTR_CTRLmsgS2Hist_Samples=402525
P(0)_RTR_DATAmsgCntHist(1)=2720
P(0)_RTR_DATAmsgCntHist(2)=3043
P(0)_RTR_DATAmsgCntHist(3)=1480
P(0)_RTR_DATAmsgCntHist_MaxKey=3
P(0)_RTR_DATAmsgCntHist_Avg=1.828800
P(0)_RTR_DATAmsgCntHist_Samples=7243
P(0)_RTR_DATAmsgS1Hist(1)=0
P(0)_RTR_DATAmsgS1Hist(2)=39930
P(0)_RTR_DATAmsgS1Hist(3)=23751
P(0)_RTR_DATAmsgS1Hist_MaxKey=3
P(0)_RTR_DATAmsgS1Hist_Avg=2.372968
P(0)_RTR_DATAmsgS1Hist_Samples=63681
P(0)_RTR_DATAmsgS2Hist(1)=0
P(0)_RTR_DATAmsgS2Hist(2)=525554
P(0)_RTR_DATAmsgS2Hist(3)=381331
P(0)_RTR_DATAmsgS2Hist_MaxKey=3
P(0)_RTR_DATAmsgS2Hist_Avg=2.420484
P(0)_RTR_DATAmsgS2Hist_Samples=906885
NOC_MESH_CTRLmsgCntHist(2)=5581
NOC_MESH_CTRLmsgCntHist(3)=2710
NOC_MESH_CTRLmsgCntHist_MaxKey=3
NOC_MESH_CTRLmsgCntHist_Avg=2.326860
NOC_MESH_CTRLmsgCntHist_Samples=8291
NOC_MESH_CTRLmsgS1Hist(2)=44795
NOC_MESH_CTRLmsgS1Hist(3)=29841
NOC_MESH_CTRLmsgS1Hist_MaxKey=3
NOC_MESH_CTRLmsgS1Hist_Avg=2.399820
NOC_MESH_CTRLmsgS1Hist_Samples=74636
NOC_MESH_CTRLmsgS2Hist(2)=360071
NOC_MESH_CTRLmsgS2Hist(3)=328623
NOC_MESH_CTRLmsgS2Hist_MaxKey=3
NOC_MESH_CTRLmsgS2Hist_Avg=2.477168
NOC_MESH_CTRLmsgS2Hist_Samples=688694
NOC_MESH_DATAmsgCntHist(2)=5581
NOC_MESH_DATAmsgCntHist(3)=2710
NOC_MESH_DATAmsgCntHist_MaxKey=3
NOC_MESH_DATAmsgCntHist_Avg=2.326860
NOC_MESH_DATAmsgCntHist_Samples=8291
NOC_MESH_DATAmsgS1Hist(2)=67299
NOC_MESH_DATAmsgS1Hist(3)=40715
NOC_MESH_DATAmsgS1Hist_MaxKey=3
NOC_MESH_DATAmsgS1Hist_Avg=2.376942
NOC_MESH_DATAmsgS1Hist_Samples=108014
NOC_MESH_DATAmsgS2Hist(2)=812901
NOC_MESH_DATAmsgS2Hist(3)=611845
NOC_MESH_DATAmsgS2Hist_MaxKey=3
NOC_MESH_DATAmsgS2Hist_Avg=2.429441
NOC_MESH_DATAmsgS2Hist_Samples=1424746
DataP(0)_MemoryBus_occ:v=0:n=2015
CmdP(0)_MemoryBus_occ:v=0:n=2015
P(0)_Memory:readHalfMiss=0
P(0)_Memory:writeHalfMiss=0
P(0)_Memory:writeMiss=0
P(0)_Memory:readMiss=0
P(0)_Memory:readHit=2015
P(0)_Memory:writeHit=0
P(0)_Memory:writeBack=0
P(0)_Memory:lineFill=0
P(0)_Memory:linePush=0
P(0)_Memory:nForwarded=0
P(0)_Memory:nWBFull=0
P(0)_Memory_avgPendingWrites:v=0:n=0
P(0)_Memory_avgMissLat:v=0:n=0
P(0)_Memory:rejected=0
P(0)_Memory:rejectedHits=0
P(0)_Memory_MSHR0_MSHR:nUse=0
P(0)_Memory_MSHR0_MSHR:nUseReads=0
P(0)_Memory_MSHR0_MSHR:nUseWrites=0
P(0)_Memory_MSHR0_MSHR:nOverflows=0
P(0)_Memory_MSHR0_MSHR_maxUsedEntries:max=0:n=0
P(0)_Memory_MSHR0_MSHR:nCanAccept=0
P(0)_Memory_MSHR0_MSHR:nCanNotAccept=0
P(0)_Memory_MSHR0_MSHR:nCanNotAcceptConv=0
P(0)_Memory_MSHR0_MSHR:blockingCycles_AutoAvg=0.000000
P(0)_Memory_B0:nAccesses=2015
P(0)_Memory_occ:v=0:n=0
P(0)_Memory_B0_occ:v=0:n=0
P(0)_Memory_MSHR_B0_occ:v=0:n=0
P(0)_MemoryBus_AvgTime_MemRead:v=2.5:n=1602
P(0)_MemoryBus_AvgTime_MemWrite:v=0:n=0
P(0)_MemoryBus_AvgTime_MemPush:v=0:n=0
P(0)_MemoryBus_AvgTime_MemReadW:v=2.5:n=2428
MemCtrl_bus_occ:v=0:n=2015
P(0)_RTR_bus_occ:v=0:n=14236
P(0)_L2S:readHalfMiss=0
P(0)_L2S:writeHalfMiss=0
P(0)_L2S:writeMiss=0
P(0)_L2S:readMiss=505
P(0)_L2S:readHit=980
P(0)_L2S:writeHit=0
P(0)_L2S:writeBack=0
P(0)_L2S:lineFill=505
P(0)_L2S:linePush=1235
P(0)_L2S:nForwarded=0
P(0)_L2S:nWBFull=0
P(0)_L2S_avgPendingWrites:v=0:n=0
P(0)_L2S_avgMissLat:v=210:n=505
P(0)_L2S:rejected=0
P(0)_L2S:rejectedHits=0
P(0)_L2S_DIR_occ:v=0:n=1235
P(0)_L2S_MSHR0_MSHR:nUse=505
P(0)_L2S_MSHR0_MSHR:nUseReads=505
P(0)_L2S_MSHR0_MSHR:nUseWrites=0
P(0)_L2S_MSHR0_MSHR:nOverflows=0
P(0)_L2S_MSHR0_MSHR_maxUsedEntries:max=6:n=505
P(0)_L2S_MSHR0_MSHR:nCanAccept=0
P(0)_L2S_MSHR0_MSHR:nCanNotAccept=0
P(0)_L2S_MSHR0_MSHR:nCanNotAcceptConv=0
P(0)_L2S_MSHR0_MSHR:blockingCycles_AutoAvg=0.000000
P(0)_L2S_MSHR0_MSHR_avgOverflowConsumptions:v=0:n=0
P(0)_L2S_MSHR0_MSHR_maxOutsReqs:max=6:n=505
P(0)_L2S_MSHR0_MSHR_avgReqsPerLine:v=1:n=505
P(0)_L2S_MSHR0_MSHR:nIssuesNewEntry=505
P(0)_L2S_MSHR0_MSHR:nCanNotAcceptSubEntryFull=0
P(0)_L2S_MSHR0_MSHR:nCanNotAcceptTooManyWrites=0
P(0)_L2S_MSHR0_MSHR_avgQueueSize:v=0:n=505
P(0)_L2S_MSHR0_MSHR_avgWritesPerLine:v=0:n=505
P(0)_L2S_MSHR0_MSHR_avgWritesPerLineComb:v=0:n=505
P(0)_L2S_MSHR0_MSHR:nOnlyWrites=0
P(0)_L2S_MSHR0_MSHR:nRetiredEntries=505
P(0)_L2S_MSHR0_MSHR:nRetiredEntriesWritten=0
P(0)_L2S_B0:nAccesses=0
P(0)_L2S_occ:v=0:n=2720
P(0)_L2S_B0_occ:v=0:n=3225
P(0)_L2S_MSHR_B0_occ:v=0.00132013:n=1515
P(0)_DL1_occ:v=0.0434889:n=221252
P(0)_DL1_MSHR:nUse=209189
P(0)_DL1_MSHR:nUseReads=209189
P(0)_DL1_MSHR:nUseWrites=0
P(0)_DL1_MSHR:nOverflows=0
P(0)_DL1_MSHR_maxUsedEntries:max=24:n=196980
P(0)_DL1_MSHR:nCanAccept=91327
P(0)_DL1_MSHR:nCanNotAccept=1076
P(0)_DL1_MSHR:nCanNotAcceptConv=0
P(0)_DL1_MSHR:blockingCycles(0)=4483589
P(0)_DL1_MSHR:blockingCycles(1)=1076
P(0)_DL1_MSHR:blockingCycles_AutoAvg=0.000000
P(0)_DL1_MSHR_avgOverflowConsumptions:v=0:n=0
P(0)_DL1_MSHR_maxOutsReqs:max=101:n=209189
P(0)_DL1_MSHR_avgReqsPerLine:v=1.06198:n=196980
P(0)_DL1_MSHR:nIssuesNewEntry=196980
P(0)_DL1_MSHR:nCanNotAcceptSubEntryFull=1076
P(0)_DL1_MSHR:nCanNotAcceptTooManyWrites=0
P(0)_DL1_MSHR_avgQueueSize:v=1.15139:n=209189
P(0)_DL1_MSHR_avgWritesPerLine:v=0:n=196980
P(0)_DL1_MSHR_avgWritesPerLineComb:v=0:n=196980
P(0)_DL1_MSHR:nOnlyWrites=0
P(0)_DL1_MSHR:nRetiredEntries=196980
P(0)_DL1_MSHR:nRetiredEntriesWritten=0
P(0)_IL1:readHit=795525
P(0)_IL1:writeHit=0
P(0)_IL1:readMiss=692
P(0)_IL1:writeMiss=0
P(0)_IL1:readHalfMiss=1091
P(0)_IL1:writeHalfMiss=0
P(0)_IL1:writeBack=0
P(0)_IL1:linePush=0
P(0)_IL1:lineFill=692
P(0)_IL1:readRetry=0
P(0)_IL1:writeRetry=0
P(0)_IL1:invalDirty=0
P(0)_IL1:allocDirty=0
P(0)_IL1_occ:v=0.00485277:n=797894
P(0)_IL1_MSHR:nUse=796217
P(0)_IL1_MSHR:nUseReads=796217
P(0)_IL1_MSHR:nUseWrites=0
P(0)_IL1_MSHR:nOverflows=0
P(0)_IL1_MSHR_maxUsedEntries:max=3:n=795126
P(0)_IL1_MSHR:nCanAccept=0
P(0)_IL1_MSHR:nCanNotAccept=0
P(0)_IL1_MSHR:nCanNotAcceptConv=0
P(0)_IL1_MSHR:blockingCycles_AutoAvg=0.000000
P(0)_IL1_MSHR_avgOverflowConsumptions:v=0:n=0
P(0)_IL1_MSHR_maxOutsReqs:max=4:n=796217
P(0)_IL1_MSHR_avgReqsPerLine:v=1.00137:n=795126
P(0)_IL1_MSHR:nIssuesNewEntry=795126
P(0)_IL1_MSHR:nCanNotAcceptSubEntryFull=0
P(0)_IL1_MSHR:nCanNotAcceptTooManyWrites=0
P(0)_IL1_MSHR_avgQueueSize:v=0.0243137:n=796217
P(0)_IL1_MSHR_avgWritesPerLine:v=0:n=795126
P(0)_IL1_MSHR_avgWritesPerLineComb:v=0:n=795126
P(0)_IL1_MSHR:nOnlyWrites=0
P(0)_IL1_MSHR:nRetiredEntries=795126
P(0)_IL1_MSHR:nRetiredEntriesWritten=0
LDSTQ(0)_ldldViolations=0
LDSTQ(0)_stldViolations=1
LDSTQ(0)_ststViolations=19
LDSTQ(0)_stldForwarding=11707
Proc(0)_FXClusterIssueX:nReplay=16067
Proc(0)_FXClusterIssueX_wakeUp_occ:v=0.0315466:n=1505296
Proc(0)_FXClusterIssueX_sched_occ:v=0.0013725:n=752643
Proc(0)_FXClusterIssueX_winNotUsed:v=26.1861:n=752643
ALUIssueX(0)_occ:v=2.02835:n=517496
LDSTIssueX(0)_occ:v=0.413215:n=326474
FULoad(0)_ldqNotUsed:v=32.3317:n=143820
FULoad(0):nForwarded=25958
FUStore(0)_stqNotUsed:v=28.3513:n=91327
FUStore(0):nDeadStore=0
FUStore(0):nFences=0
FUStore(0):fenceStallCycles=0
Proc(0)_FPClusterIssueX:nReplay=0
Proc(0)_FPClusterIssueX_wakeUp_occ:v=0:n=1556610
Proc(0)_FPClusterIssueX_sched_occ:v=0:n=778310
Proc(0)_FPClusterIssueX_winNotUsed:v=0.0336884:n=778310
FPIssueX(0)_occ:v=0:n=778310
Proc(0)_robUsed:v=22.8904:n=4484664
Processor(0)_noFetch=0
Processor(0)_noFetch2=3688447
ExeEngine(0)_retired:v=0.352243:n=4346292
ExeEngine(0):noRetOtherCause=0
Processor(0):nLocks=0
Processor(0):nLockContCycles=0
ExeEngine(0):nSmallWin=6578679
ExeEngine(0):nSmallROB=475329
ExeEngine(0):nSmallREG=0
ExeEngine(0):nOutsLoads=0
ExeEngine(0):nOutsStores=0
ExeEngine(0):nOutsBranches=0
ExeEngine(0):nReplays=0
ExeEngine(0):PortConflict=0
ExeEngine(0):switch=0
ExeEngine(0):noRetSelf_iOpInvalid_NotExecuted=0
ExeEngine(0):noRetSelf_iALU_NotExecuted=120891
ExeEngine(0):noRetSelf_iMult_NotExecuted=145
ExeEngine(0):noRetSelf_iDiv_NotExecuted=117
ExeEngine(0):noRetSelf_iBJ_NotExecuted=8325
ExeEngine(0):noRetSelf_iLoad_NotExecuted=84088
ExeEngine(0):noRetSelf_iStore_NotExecuted=116741
ExeEngine(0):noRetSelf_fpALU_NotExecuted=942173
ExeEngine(0):noRetSelf_fpMult_NotExecuted=2613397
ExeEngine(0):noRetSelf_fpDiv_NotExecuted=0
ExeEngine(0):noRetSelf_iFence_NotExecuted=0
ExeEngine(0):noRetSelf_iLoad_NotFinished=0
ExeEngine(0):noRetSelf_iStore_NoCacheSpace=1076
ExeEngine(0):noRetSelf_iStore_NoCachePorts=473
ExeEngine(0):noRetSelf_iStore_WaitForFence=0
ExeEngine(0):noRetSelf_iFence_NoCacheSpace=0
ExeEngine(0):noRetSelf_iFence_WaitForFence=0
ExeEngine(0):noRetOther_iOpInvalid_NotExecuted=0
ExeEngine(0):noRetOther_iALU_NotExecuted=102271
ExeEngine(0):noRetOther_iMult_NotExecuted=132
ExeEngine(0):noRetOther_iDiv_NotExecuted=111
ExeEngine(0):noRetOther_iBJ_NotExecuted=6841
ExeEngine(0):noRetOther_iLoad_NotExecuted=79660
ExeEngine(0):noRetOther_iStore_NotExecuted=67953
ExeEngine(0):noRetOther_fpALU_NotExecuted=663628
ExeEngine(0):noRetOther_fpMult_NotExecuted=2351241
ExeEngine(0):noRetOther_fpDiv_NotExecuted=0
ExeEngine(0):noRetOther_iFence_NotExecuted=0
ExeEngine(0):noRetOther_iLoad_NotFinished=0
ExeEngine(0):noRetOther_iStore_NoCacheSpace=1061
ExeEngine(0):noRetOther_iStore_NoCachePorts=158
ExeEngine(0):noRetOther_iStore_WaitForFence=0
ExeEngine(0):noRetOther_iFence_NoCacheSpace=0
ExeEngine(0):noRetOther_iFence_WaitForFence=0
PendingWindow(0)_iOpInvalid:n=0
PendingWindow(0)_iALU:n=449804
PendingWindow(0)_iComplex:n=101
PendingWindow(0)_iBJ:n=67591
PendingWindow(0)_iLoad:n=143820
PendingWindow(0)_iStore:n=91327
PendingWindow(0)_fpALU:n=401458
PendingWindow(0)_fpComplex:n=376852
PendingWindow(0)_other:n=0
FetchEngine(0)_avgBranchTime:v=77.3642:n=1771
FetchEngine(0)_avgInstsFetched:v=0:n=0
FetchEngine(0):nDelayInst1=274024
FetchEngine(0):nDelayInst2=60583
FetchEngine(0):nFetched=1530953
FetchEngine(0):nBTAC=0
FetchEngine(0):szBB(1)=501
FetchEngine(0):szBB(2)=1015
FetchEngine(0):szBB(3)=822
FetchEngine(0):szBB(4)=894
FetchEngine(0):szBB(5)=1248
FetchEngine(0):szBB(6)=1835
FetchEngine(0):szBB(101)=8191
FetchEngine(0):szBB(7)=1122
FetchEngine(0):szBB(8)=171
FetchEngine(0):szBB(9)=930
FetchEngine(0):szBB(10)=948
FetchEngine(0):szBB(11)=24653
FetchEngine(0):szBB(59)=3
FetchEngine(0):szBB(12)=170
FetchEngine(0):szBB(13)=115
FetchEngine(0):szBB(14)=112
FetchEngine(0):szBB(15)=24656
FetchEngine(0):szBB(16)=19
FetchEngine(0):szBB(17)=25
FetchEngine(0):szBB(18)=16
FetchEngine(0):szBB(19)=27
FetchEngine(0):szBB(20)=24
FetchEngine(0):szBB(21)=17
FetchEngine(0):szBB(116)=1
FetchEngine(0):szBB(22)=10
FetchEngine(0):szBB(23)=24
FetchEngine(0):szBB(24)=13
FetchEngine(0):szBB(25)=3
FetchEngine(0):szBB(27)=5
FetchEngine(0):szBB(28)=6
FetchEngine(0):szBB(32)=2
FetchEngine(0):szBB(33)=10
FetchEngine(0):szBB(35)=1
FetchEngine(0):szBB(39)=1
FetchEngine(0):szBB(43)=1
FetchEngine(0):szBB_MaxKey=116
FetchEngine(0):szBB_Avg=22.650131
FetchEngine(0):szBB_Samples=67591
FetchEngine(0):szFB(1)=157
FetchEngine(0):szFB(2)=385
FetchEngine(0):szFB(3)=320
FetchEngine(0):szFB(101)=8190
FetchEngine(0):szFB(4)=331
FetchEngine(0):szFB(5)=708
FetchEngine(0):szFB(6)=1688
FetchEngine(0):szFB(7)=1033
FetchEngine(0):szFB(105)=1
FetchEngine(0):szFB(8)=122
FetchEngine(0):szFB(9)=1003
FetchEngine(0):szFB(10)=935
FetchEngine(0):szFB(11)=24756
FetchEngine(0):szFB(12)=150
FetchEngine(0):szFB(13)=94
FetchEngine(0):szFB(14)=104
FetchEngine(0):szFB(15)=24654
FetchEngine(0):szFB(16)=93
FetchEngine(0):szFB(17)=52
FetchEngine(0):szFB(18)=41
FetchEngine(0):szFB(19)=20
FetchEngine(0):szFB(20)=32
FetchEngine(0):szFB(21)=17
FetchEngine(0):szFB(22)=8
FetchEngine(0):szFB(23)=37
FetchEngine(0):szFB(24)=61
FetchEngine(0):szFB(122)=1
FetchEngine(0):szFB(25)=12
FetchEngine(0):szFB(26)=14
FetchEngine(0):szFB(27)=11
FetchEngine(0):szFB(28)=5
FetchEngine(0):szFB(29)=12
FetchEngine(0):szFB(30)=7
FetchEngine(0):szFB(31)=26
FetchEngine(0):szFB(32)=6
FetchEngine(0):szFB(33)=2
FetchEngine(0):szFB(34)=3
FetchEngine(0):szFB(35)=13
FetchEngine(0):szFB(36)=5
FetchEngine(0):szFB(37)=3
FetchEngine(0):szFB(40)=34
FetchEngine(0):szFB(41)=1
FetchEngine(0):szFB(43)=1
FetchEngine(0):szFB(45)=10
FetchEngine(0):szFB(49)=9
FetchEngine(0):szFB(51)=1
FetchEngine(0):szFB(59)=3
FetchEngine(0):szFB(61)=1
FetchEngine(0):szFB(72)=4
FetchEngine(0):szFB_MaxKey=122
FetchEngine(0):szFB_Avg=23.489398
FetchEngine(0):szFB_Samples=65176
FetchEngine(0):szFS(1)=61481
FetchEngine(0):szFS(2)=734736
FetchEngine(0):szFS_MaxKey=2
FetchEngine(0):szFS_Avg=1.922784
FetchEngine(0):szFS_Samples=796217
BPred(0)_RAS:nHit=549
BPred(0)_RAS:nMiss=4
BPred(0):nBranches=67591
BPred(0):nTaken=65176
BPred(0):nMiss=1771
BPred(0)_Hybrid:nHit=65271
BPred(0)_Hybrid:nMiss=1767
BPred(0)_BTB:nHit=63433
BPred(0)_BTB:nMiss=651
P(1)_DL1:readHit=0
P(1)_DL1:writeHit=0
P(1)_DL1:readMiss=0
P(1)_DL1:writeMiss=0
P(1)_DL1:readHalfMiss=0
P(1)_DL1:writeHalfMiss=0
P(1)_DL1:writeBack=0
P(1)_DL1:linePush=0
P(1)_DL1:lineFill=0
P(1)_DL1:readRetry=0
P(1)_DL1:writeRetry=0
P(1)_DL1:invalDirty=0
P(1)_DL1:allocDirty=0
P(1)_RTR_CTRLmsgCntHist(2)=1522
P(1)_RTR_CTRLmsgCntHist_MaxKey=2
P(1)_RTR_CTRLmsgCntHist_Avg=2.000000
P(1)_RTR_CTRLmsgCntHist_Samples=1522
P(1)_RTR_CTRLmsgS1Hist(2)=13908
P(1)_RTR_CTRLmsgS1Hist_MaxKey=2
P(1)_RTR_CTRLmsgS1Hist_Avg=2.000000
P(1)_RTR_CTRLmsgS1Hist_Samples=13908
P(1)_RTR_CTRLmsgS2Hist(2)=127984
P(1)_RTR_CTRLmsgS2Hist_MaxKey=2
P(1)_RTR_CTRLmsgS2Hist_Avg=2.000000
P(1)_RTR_CTRLmsgS2Hist_Samples=127984
P(1)_RTR_DATAmsgCntHist(2)=1269
P(1)_RTR_DATAmsgCntHist_MaxKey=2
P(1)_RTR_DATAmsgCntHist_Avg=2.000000
P(1)_RTR_DATAmsgCntHist_Samples=1269
P(1)_RTR_DATAmsgS1Hist(2)=16636
P(1)_RTR_DATAmsgS1Hist_MaxKey=2
P(1)_RTR_DATAmsgS1Hist_Avg=2.000000
P(1)_RTR_DATAmsgS1Hist_Samples=16636
P(1)_RTR_DATAmsgS2Hist(2)=218548
P(1)_RTR_DATAmsgS2Hist_MaxKey=2
P(1)_RTR_DATAmsgS2Hist_Avg=2.000000
P(1)_RTR_DATAmsgS2Hist_Samples=218548
P(1)_RTR_bus_occ:v=0:n=3305
P(1)_L2S:readHalfMiss=0
P(1)_L2S:writeHalfMiss=0
P(1)_L2S:writeMiss=0
P(1)_L2S:readMiss=514
P(1)_L2S:readHit=1008
P(1)_L2S:writeHit=0
P(1)_L2S:writeBack=0
P(1)_L2S:lineFill=514
P(1)_L2S:linePush=1269
P(1)_L2S:nForwarded=0
P(1)_L2S:nWBFull=0
P(1)_L2S_avgPendingWrites:v=0:n=0
P(1)_L2S_avgMissLat:v=210:n=514
P(1)_L2S:rejected=0
P(1)_L2S:rejectedHits=0
P(1)_L2S_DIR_occ:v=0:n=1269
P(1)_L2S_MSHR0_MSHR:nUse=514
P(1)_L2S_MSHR0_MSHR:nUseReads=514
P(1)_L2S_MSHR0_MSHR:nUseWrites=0
P(1)_L2S_MSHR0_MSHR:nOverflows=0
P(1)_L2S_MSHR0_MSHR_maxUsedEntries:max=7:n=514
P(1)_L2S_MSHR0_MSHR:nCanAccept=0
P(1)_L2S_MSHR0_MSHR:nCanNotAccept=0
P(1)_L2S_MSHR0_MSHR:nCanNotAcceptConv=0
P(1)_L2S_MSHR0_MSHR:blockingCycles_AutoAvg=0.000000
P(1)_L2S_MSHR0_MSHR_avgOverflowConsumptions:v=0:n=0
P(1)_L2S_MSHR0_MSHR_maxOutsReqs:max=7:n=514
P(1)_L2S_MSHR0_MSHR_avgReqsPerLine:v=1:n=514
P(1)_L2S_MSHR0_MSHR:nIssuesNewEntry=514
P(1)_L2S_MSHR0_MSHR:nCanNotAcceptSubEntryFull=0
P(1)_L2S_MSHR0_MSHR:nCanNotAcceptTooManyWrites=0
P(1)_L2S_MSHR0_MSHR_avgQueueSize:v=0:n=514
P(1)_L2S_MSHR0_MSHR_avgWritesPerLine:v=0:n=514
P(1)_L2S_MSHR0_MSHR_avgWritesPerLineComb:v=0:n=514
P(1)_L2S_MSHR0_MSHR:nOnlyWrites=0
P(1)_L2S_MSHR0_MSHR:nRetiredEntries=514
P(1)_L2S_MSHR0_MSHR:nRetiredEntriesWritten=0
P(1)_L2S_B0:nAccesses=0
P(1)_L2S_occ:v=0:n=2791
P(1)_L2S_B0_occ:v=0:n=3305
P(1)_L2S_MSHR_B0_occ:v=0:n=1542
P(1)_DL1_occ:v=0:n=0
P(1)_DL1_MSHR:nUse=0
P(1)_DL1_MSHR:nUseReads=0
P(1)_DL1_MSHR:nUseWrites=0
P(1)_DL1_MSHR:nOverflows=0
P(1)_DL1_MSHR_maxUsedEntries:max=0:n=0
P(1)_DL1_MSHR:nCanAccept=0
P(1)_DL1_MSHR:nCanNotAccept=0
P(1)_DL1_MSHR:nCanNotAcceptConv=0
P(1)_DL1_MSHR:blockingCycles_AutoAvg=0.000000
P(1)_DL1_MSHR_avgOverflowConsumptions:v=0:n=0
P(1)_DL1_MSHR_maxOutsReqs:max=0:n=0
P(1)_DL1_MSHR_avgReqsPerLine:v=0:n=0
P(1)_DL1_MSHR:nIssuesNewEntry=0
P(1)_DL1_MSHR:nCanNotAcceptSubEntryFull=0
P(1)_DL1_MSHR:nCanNotAcceptTooManyWrites=0
P(1)_DL1_MSHR_avgQueueSize:v=0:n=0
P(1)_DL1_MSHR_avgWritesPerLine:v=0:n=0
P(1)_DL1_MSHR_avgWritesPerLineComb:v=0:n=0
P(1)_DL1_MSHR:nOnlyWrites=0
P(1)_DL1_MSHR:nRetiredEntries=0
P(1)_DL1_MSHR:nRetiredEntriesWritten=0
P(1)_IL1:readHit=0
P(1)_IL1:writeHit=0
P(1)_IL1:readMiss=0
P(1)_IL1:writeMiss=0
P(1)_IL1:readHalfMiss=0
P(1)_IL1:writeHalfMiss=0
P(1)_IL1:writeBack=0
P(1)_IL1:linePush=0
P(1)_IL1:lineFill=0
P(1)_IL1:readRetry=0
P(1)_IL1:writeRetry=0
P(1)_IL1:invalDirty=0
P(1)_IL1:allocDirty=0
P(1)_IL1_occ:v=0:n=0
P(1)_IL1_MSHR:nUse=0
P(1)_IL1_MSHR:nUseReads=0
P(1)_IL1_MSHR:nUseWrites=0
P(1)_IL1_MSHR:nOverflows=0
P(1)_IL1_MSHR_maxUsedEntries:max=0:n=0
P(1)_IL1_MSHR:nCanAccept=0
P(1)_IL1_MSHR:nCanNotAccept=0
P(1)_IL1_MSHR:nCanNotAcceptConv=0
P(1)_IL1_MSHR:blockingCycles_AutoAvg=0.000000
P(1)_IL1_MSHR_avgOverflowConsumptions:v=0:n=0
P(1)_IL1_MSHR_maxOutsReqs:max=0:n=0
P(1)_IL1_MSHR_avgReqsPerLine:v=0:n=0
P(1)_IL1_MSHR:nIssuesNewEntry=0
P(1)_IL1_MSHR:nCanNotAcceptSubEntryFull=0
P(1)_IL1_MSHR:nCanNotAcceptTooManyWrites=0
P(1)_IL1_MSHR_avgQueueSize:v=0:n=0
P(1)_IL1_MSHR_avgWritesPerLine:v=0:n=0
P(1)_IL1_MSHR_avgWritesPerLineComb:v=0:n=0
P(1)_IL1_MSHR:nOnlyWrites=0
P(1)_IL1_MSHR:nRetiredEntries=0
P(1)_IL1_MSHR:nRetiredEntriesWritten=0
LDSTQ(1)_ldldViolations=0
LDSTQ(1)_stldViolations=0
LDSTQ(1)_ststViolations=0
LDSTQ(1)_stldForwarding=0
Proc(1)_FXClusterIssueX:nReplay=0
Proc(1)_FXClusterIssueX_wakeUp_occ:v=0:n=0
Proc(1)_FXClusterIssueX_sched_occ:v=0:n=0
Proc(1)_FXClusterIssueX_winNotUsed:v=0:n=0
ALUIssueX(1)_occ:v=0:n=0
LDSTIssueX(1)_occ:v=0:n=0
FULoad(1)_ldqNotUsed:v=0:n=0
FULoad(1):nForwarded=0
FUStore(1)_stqNotUsed:v=0:n=0
FUStore(1):nDeadStore=0
FUStore(1):nFences=0
FUStore(1):fenceStallCycles=0
Proc(1)_FPClusterIssueX:nReplay=0
Proc(1)_FPClusterIssueX_wakeUp_occ:v=0:n=0
Proc(1)_FPClusterIssueX_sched_occ:v=0:n=0
Proc(1)_FPClusterIssueX_winNotUsed:v=0:n=0
FPIssueX(1)_occ:v=0:n=0
Proc(1)_robUsed:v=0:n=0
Processor(1)_noFetch=0
Processor(1)_noFetch2=0
ExeEngine(1)_retired:v=0:n=0
ExeEngine(1):noRetOtherCause=0
Processor(1):nLocks=0
Processor(1):nLockContCycles=0
ExeEngine(1):nSmallWin=0
ExeEngine(1):nSmallROB=0
ExeEngine(1):nSmallREG=0
ExeEngine(1):nOutsLoads=0
ExeEngine(1):nOutsStores=0
ExeEngine(1):nOutsBranches=0
ExeEngine(1):nReplays=0
ExeEngine(1):PortConflict=0
ExeEngine(1):switch=0
ExeEngine(1):noRetSelf_iOpInvalid_NotExecuted=0
ExeEngine(1):noRetSelf_iALU_NotExecuted=0
ExeEngine(1):noRetSelf_iMult_NotExecuted=0
ExeEngine(1):noRetSelf_iDiv_NotExecuted=0
ExeEngine(1):noRetSelf_iBJ_NotExecuted=0
ExeEngine(1):noRetSelf_iLoad_NotExecuted=0
ExeEngine(1):noRetSelf_iStore_NotExecuted=0
ExeEngine(1):noRetSelf_fpALU_NotExecuted=0
ExeEngine(1):noRetSelf_fpMult_NotExecuted=0
ExeEngine(1):noRetSelf_fpDiv_NotExecuted=0
ExeEngine(1):noRetSelf_iFence_NotExecuted=0
ExeEngine(1):noRetSelf_iLoad_NotFinished=0
ExeEngine(1):noRetSelf_iStore_NoCacheSpace=0
ExeEngine(1):noRetSelf_iStore_NoCachePorts=0
ExeEngine(1):noRetSelf_iStore_WaitForFence=0
ExeEngine(1):noRetSelf_iFence_NoCacheSpace=0
ExeEngine(1):noRetSelf_iFence_WaitForFence=0
ExeEngine(1):noRetOther_iOpInvalid_NotExecuted=0
ExeEngine(1):noRetOther_iALU_NotExecuted=0
ExeEngine(1):noRetOther_iMult_NotExecuted=0
ExeEngine(1):noRetOther_iDiv_NotExecuted=0
ExeEngine(1):noRetOther_iBJ_NotExecuted=0
ExeEngine(1):noRetOther_iLoad_NotExecuted=0
ExeEngine(1):noRetOther_iStore_NotExecuted=0
ExeEngine(1):noRetOther_fpALU_NotExecuted=0
ExeEngine(1):noRetOther_fpMult_NotExecuted=0
ExeEngine(1):noRetOther_fpDiv_NotExecuted=0
ExeEngine(1):noRetOther_iFence_NotExecuted=0
ExeEngine(1):noRetOther_iLoad_NotFinished=0
ExeEngine(1):noRetOther_iStore_NoCacheSpace=0
ExeEngine(1):noRetOther_iStore_NoCachePorts=0
ExeEngine(1):noRetOther_iStore_WaitForFence=0
ExeEngine(1):noRetOther_iFence_NoCacheSpace=0
ExeEngine(1):noRetOther_iFence_WaitForFence=0
PendingWindow(1)_iOpInvalid:n=0
PendingWindow(1)_iALU:n=0
PendingWindow(1)_iComplex:n=0
PendingWindow(1)_iBJ:n=0
PendingWindow(1)_iLoad:n=0
PendingWindow(1)_iStore:n=0
PendingWindow(1)_fpALU:n=0
PendingWindow(1)_fpComplex:n=0
PendingWindow(1)_other:n=0
FetchEngine(1)_avgBranchTime:v=0:n=0
FetchEngine(1)_avgInstsFetched:v=0:n=0
FetchEngine(1):nDelayInst1=0
FetchEngine(1):nDelayInst2=0
FetchEngine(1):nFetched=0
FetchEngine(1):nBTAC=0
FetchEngine(1):szBB_MaxKey=0
FetchEngine(1):szBB_Avg=-nan
FetchEngine(1):szBB_Samples=0
FetchEngine(1):szFB_MaxKey=0
FetchEngine(1):szFB_Avg=-nan
FetchEngine(1):szFB_Samples=0
FetchEngine(1):szFS_MaxKey=0
FetchEngine(1):szFS_Avg=-nan
FetchEngine(1):szFS_Samples=0
BPred(1)_RAS:nHit=0
BPred(1)_RAS:nMiss=0
BPred(1):nBranches=0
BPred(1):nTaken=0
BPred(1):nMiss=0
BPred(1)_Hybrid:nHit=0
BPred(1)_Hybrid:nMiss=0
BPred(1)_BTB:nHit=0
BPred(1)_BTB:nMiss=0
P(2)_DL1:readHit=0
P(2)_DL1:writeHit=0
P(2)_DL1:readMiss=0
P(2)_DL1:writeMiss=0
P(2)_DL1:readHalfMiss=0
P(2)_DL1:writeHalfMiss=0
P(2)_DL1:writeBack=0
P(2)_DL1:linePush=0
P(2)_DL1:lineFill=0
P(2)_DL1:readRetry=0
P(2)_DL1:writeRetry=0
P(2)_DL1:invalDirty=0
P(2)_DL1:allocDirty=0
P(2)_RTR_CTRLmsgCntHist(2)=1521
P(2)_RTR_CTRLmsgCntHist_MaxKey=2
P(2)_RTR_CTRLmsgCntHist_Avg=2.000000
P(2)_RTR_CTRLmsgCntHist_Samples=1521
P(2)_RTR_CTRLmsgS1Hist(2)=13848
P(2)_RTR_CTRLmsgS1Hist_MaxKey=2
P(2)_RTR_CTRLmsgS1Hist_Avg=2.000000
P(2)_RTR_CTRLmsgS1Hist_Samples=13848
P(2)_RTR_CTRLmsgS2Hist(2)=126698
P(2)_RTR_CTRLmsgS2Hist_MaxKey=2
P(2)_RTR_CTRLmsgS2Hist_Avg=2.000000
P(2)_RTR_CTRLmsgS2Hist_Samples=126698
P(2)_RTR_DATAmsgCntHist(2)=1269
P(2)_RTR_DATAmsgCntHist_MaxKey=2
P(2)_RTR_DATAmsgCntHist_Avg=2.000000
P(2)_RTR_DATAmsgCntHist_Samples=1269
P(2)_RTR_DATAmsgS1Hist(2)=16626
P(2)_RTR_DATAmsgS1Hist_MaxKey=2
P(2)_RTR_DATAmsgS1Hist_Avg=2.000000
P(2)_RTR_DATAmsgS1Hist_Samples=16626
P(2)_RTR_DATAmsgS2Hist(2)=218292
P(2)_RTR_DATAmsgS2Hist_MaxKey=2
P(2)_RTR_DATAmsgS2Hist_Avg=2.000000
P(2)_RTR_DATAmsgS2Hist_Samples=218292
P(2)_RTR_bus_occ:v=0:n=3289
P(2)_L2S:readHalfMiss=0
P(2)_L2S:writeHalfMiss=0
P(2)_L2S:writeMiss=0
P(2)_L2S:readMiss=499
P(2)_L2S:readHit=1022
P(2)_L2S:writeHit=0
P(2)_L2S:writeBack=0
P(2)_L2S:lineFill=499
P(2)_L2S:linePush=1269
P(2)_L2S:nForwarded=0
P(2)_L2S:nWBFull=0
P(2)_L2S_avgPendingWrites:v=0:n=0
P(2)_L2S_avgMissLat:v=210:n=499
P(2)_L2S:rejected=0
P(2)_L2S:rejectedHits=0
P(2)_L2S_DIR_occ:v=0:n=1269
P(2)_L2S_MSHR0_MSHR:nUse=499
P(2)_L2S_MSHR0_MSHR:nUseReads=499
P(2)_L2S_MSHR0_MSHR:nUseWrites=0
P(2)_L2S_MSHR0_MSHR:nOverflows=0
P(2)_L2S_MSHR0_MSHR_maxUsedEntries:max=8:n=499
P(2)_L2S_MSHR0_MSHR:nCanAccept=0
P(2)_L2S_MSHR0_MSHR:nCanNotAccept=0
P(2)_L2S_MSHR0_MSHR:nCanNotAcceptConv=0
P(2)_L2S_MSHR0_MSHR:blockingCycles_AutoAvg=0.000000
P(2)_L2S_MSHR0_MSHR_avgOverflowConsumptions:v=0:n=0
P(2)_L2S_MSHR0_MSHR_maxOutsReqs:max=8:n=499
P(2)_L2S_MSHR0_MSHR_avgReqsPerLine:v=1:n=499
P(2)_L2S_MSHR0_MSHR:nIssuesNewEntry=499
P(2)_L2S_MSHR0_MSHR:nCanNotAcceptSubEntryFull=0
P(2)_L2S_MSHR0_MSHR:nCanNotAcceptTooManyWrites=0
P(2)_L2S_MSHR0_MSHR_avgQueueSize:v=0:n=499
P(2)_L2S_MSHR0_MSHR_avgWritesPerLine:v=0:n=499
P(2)_L2S_MSHR0_MSHR_avgWritesPerLineComb:v=0:n=499
P(2)_L2S_MSHR0_MSHR:nOnlyWrites=0
P(2)_L2S_MSHR0_MSHR:nRetiredEntries=499
P(2)_L2S_MSHR0_MSHR:nRetiredEntriesWritten=0
P(2)_L2S_B0:nAccesses=0
P(2)_L2S_occ:v=0:n=2790
P(2)_L2S_B0_occ:v=0:n=3289
P(2)_L2S_MSHR_B0_occ:v=0:n=1497
P(2)_DL1_occ:v=0:n=0
P(2)_DL1_MSHR:nUse=0
P(2)_DL1_MSHR:nUseReads=0
P(2)_DL1_MSHR:nUseWrites=0
P(2)_DL1_MSHR:nOverflows=0
P(2)_DL1_MSHR_maxUsedEntries:max=0:n=0
P(2)_DL1_MSHR:nCanAccept=0
P(2)_DL1_MSHR:nCanNotAccept=0
P(2)_DL1_MSHR:nCanNotAcceptConv=0
P(2)_DL1_MSHR:blockingCycles_AutoAvg=0.000000
P(2)_DL1_MSHR_avgOverflowConsumptions:v=0:n=0
P(2)_DL1_MSHR_maxOutsReqs:max=0:n=0
P(2)_DL1_MSHR_avgReqsPerLine:v=0:n=0
P(2)_DL1_MSHR:nIssuesNewEntry=0
P(2)_DL1_MSHR:nCanNotAcceptSubEntryFull=0
P(2)_DL1_MSHR:nCanNotAcceptTooManyWrites=0
P(2)_DL1_MSHR_avgQueueSize:v=0:n=0
P(2)_DL1_MSHR_avgWritesPerLine:v=0:n=0
P(2)_DL1_MSHR_avgWritesPerLineComb:v=0:n=0
P(2)_DL1_MSHR:nOnlyWrites=0
P(2)_DL1_MSHR:nRetiredEntries=0
P(2)_DL1_MSHR:nRetiredEntriesWritten=0
P(2)_IL1:readHit=0
P(2)_IL1:writeHit=0
P(2)_IL1:readMiss=0
P(2)_IL1:writeMiss=0
P(2)_IL1:readHalfMiss=0
P(2)_IL1:writeHalfMiss=0
P(2)_IL1:writeBack=0
P(2)_IL1:linePush=0
P(2)_IL1:lineFill=0
P(2)_IL1:readRetry=0
P(2)_IL1:writeRetry=0
P(2)_IL1:invalDirty=0
P(2)_IL1:allocDirty=0
P(2)_IL1_occ:v=0:n=0
P(2)_IL1_MSHR:nUse=0
P(2)_IL1_MSHR:nUseReads=0
P(2)_IL1_MSHR:nUseWrites=0
P(2)_IL1_MSHR:nOverflows=0
P(2)_IL1_MSHR_maxUsedEntries:max=0:n=0
P(2)_IL1_MSHR:nCanAccept=0
P(2)_IL1_MSHR:nCanNotAccept=0
P(2)_IL1_MSHR:nCanNotAcceptConv=0
P(2)_IL1_MSHR:blockingCycles_AutoAvg=0.000000
P(2)_IL1_MSHR_avgOverflowConsumptions:v=0:n=0
P(2)_IL1_MSHR_maxOutsReqs:max=0:n=0
P(2)_IL1_MSHR_avgReqsPerLine:v=0:n=0
P(2)_IL1_MSHR:nIssuesNewEntry=0
P(2)_IL1_MSHR:nCanNotAcceptSubEntryFull=0
P(2)_IL1_MSHR:nCanNotAcceptTooManyWrites=0
P(2)_IL1_MSHR_avgQueueSize:v=0:n=0
P(2)_IL1_MSHR_avgWritesPerLine:v=0:n=0
P(2)_IL1_MSHR_avgWritesPerLineComb:v=0:n=0
P(2)_IL1_MSHR:nOnlyWrites=0
P(2)_IL1_MSHR:nRetiredEntries=0
P(2)_IL1_MSHR:nRetiredEntriesWritten=0
LDSTQ(2)_ldldViolations=0
LDSTQ(2)_stldViolations=0
LDSTQ(2)_ststViolations=0
LDSTQ(2)_stldForwarding=0
Proc(2)_FXClusterIssueX:nReplay=0
Proc(2)_FXClusterIssueX_wakeUp_occ:v=0:n=0
Proc(2)_FXClusterIssueX_sched_occ:v=0:n=0
Proc(2)_FXClusterIssueX_winNotUsed:v=0:n=0
ALUIssueX(2)_occ:v=0:n=0
LDSTIssueX(2)_occ:v=0:n=0
FULoad(2)_ldqNotUsed:v=0:n=0
FULoad(2):nForwarded=0
FUStore(2)_stqNotUsed:v=0:n=0
FUStore(2):nDeadStore=0
FUStore(2):nFences=0
FUStore(2):fenceStallCycles=0
Proc(2)_FPClusterIssueX:nReplay=0
Proc(2)_FPClusterIssueX_wakeUp_occ:v=0:n=0
Proc(2)_FPClusterIssueX_sched_occ:v=0:n=0
Proc(2)_FPClusterIssueX_winNotUsed:v=0:n=0
FPIssueX(2)_occ:v=0:n=0
Proc(2)_robUsed:v=0:n=0
Processor(2)_noFetch=0
Processor(2)_noFetch2=0
ExeEngine(2)_retired:v=0:n=0
ExeEngine(2):noRetOtherCause=0
Processor(2):nLocks=0
Processor(2):nLockContCycles=0
ExeEngine(2):nSmallWin=0
ExeEngine(2):nSmallROB=0
ExeEngine(2):nSmallREG=0
ExeEngine(2):nOutsLoads=0
ExeEngine(2):nOutsStores=0
ExeEngine(2):nOutsBranches=0
ExeEngine(2):nReplays=0
ExeEngine(2):PortConflict=0
ExeEngine(2):switch=0
ExeEngine(2):noRetSelf_iOpInvalid_NotExecuted=0
ExeEngine(2):noRetSelf_iALU_NotExecuted=0
ExeEngine(2):noRetSelf_iMult_NotExecuted=0
ExeEngine(2):noRetSelf_iDiv_NotExecuted=0
ExeEngine(2):noRetSelf_iBJ_NotExecuted=0
ExeEngine(2):noRetSelf_iLoad_NotExecuted=0
ExeEngine(2):noRetSelf_iStore_NotExecuted=0
ExeEngine(2):noRetSelf_fpALU_NotExecuted=0
ExeEngine(2):noRetSelf_fpMult_NotExecuted=0
ExeEngine(2):noRetSelf_fpDiv_NotExecuted=0
ExeEngine(2):noRetSelf_iFence_NotExecuted=0
ExeEngine(2):noRetSelf_iLoad_NotFinished=0
ExeEngine(2):noRetSelf_iStore_NoCacheSpace=0
ExeEngine(2):noRetSelf_iStore_NoCachePorts=0
ExeEngine(2):noRetSelf_iStore_WaitForFence=0
ExeEngine(2):noRetSelf_iFence_NoCacheSpace=0
ExeEngine(2):noRetSelf_iFence_WaitForFence=0
ExeEngine(2):noRetOther_iOpInvalid_NotExecuted=0
ExeEngine(2):noRetOther_iALU_NotExecuted=0
ExeEngine(2):noRetOther_iMult_NotExecuted=0
ExeEngine(2):noRetOther_iDiv_NotExecuted=0
ExeEngine(2):noRetOther_iBJ_NotExecuted=0
ExeEngine(2):noRetOther_iLoad_NotExecuted=0
ExeEngine(2):noRetOther_iStore_NotExecuted=0
ExeEngine(2):noRetOther_fpALU_NotExecuted=0
ExeEngine(2):noRetOther_fpMult_NotExecuted=0
ExeEngine(2):noRetOther_fpDiv_NotExecuted=0
ExeEngine(2):noRetOther_iFence_NotExecuted=0
ExeEngine(2):noRetOther_iLoad_NotFinished=0
ExeEngine(2):noRetOther_iStore_NoCacheSpace=0
ExeEngine(2):noRetOther_iStore_NoCachePorts=0
ExeEngine(2):noRetOther_iStore_WaitForFence=0
ExeEngine(2):noRetOther_iFence_NoCacheSpace=0
ExeEngine(2):noRetOther_iFence_WaitForFence=0
PendingWindow(2)_iOpInvalid:n=0
PendingWindow(2)_iALU:n=0
PendingWindow(2)_iComplex:n=0
PendingWindow(2)_iBJ:n=0
PendingWindow(2)_iLoad:n=0
PendingWindow(2)_iStore:n=0
PendingWindow(2)_fpALU:n=0
PendingWindow(2)_fpComplex:n=0
PendingWindow(2)_other:n=0
FetchEngine(2)_avgBranchTime:v=0:n=0
FetchEngine(2)_avgInstsFetched:v=0:n=0
FetchEngine(2):nDelayInst1=0
FetchEngine(2):nDelayInst2=0
FetchEngine(2):nFetched=0
FetchEngine(2):nBTAC=0
FetchEngine(2):szBB_MaxKey=0
FetchEngine(2):szBB_Avg=-nan
FetchEngine(2):szBB_Samples=0
FetchEngine(2):szFB_MaxKey=0
FetchEngine(2):szFB_Avg=-nan
FetchEngine(2):szFB_Samples=0
FetchEngine(2):szFS_MaxKey=0
FetchEngine(2):szFS_Avg=-nan
FetchEngine(2):szFS_Samples=0
BPred(2)_RAS:nHit=0
BPred(2)_RAS:nMiss=0
BPred(2):nBranches=0
BPred(2):nTaken=0
BPred(2):nMiss=0
BPred(2)_Hybrid:nHit=0
BPred(2)_Hybrid:nMiss=0
BPred(2)_BTB:nHit=0
BPred(2)_BTB:nMiss=0
P(3)_DL1:readHit=0
P(3)_DL1:writeHit=0
P(3)_DL1:readMiss=0
P(3)_DL1:writeMiss=0
P(3)_DL1:readHalfMiss=0
P(3)_DL1:writeHalfMiss=0
P(3)_DL1:writeBack=0
P(3)_DL1:linePush=0
P(3)_DL1:lineFill=0
P(3)_DL1:readRetry=0
P(3)_DL1:writeRetry=0
P(3)_DL1:invalDirty=0
P(3)_DL1:allocDirty=0
P(3)_RTR_CTRLmsgCntHist(3)=1480
P(3)_RTR_CTRLmsgCntHist_MaxKey=3
P(3)_RTR_CTRLmsgCntHist_Avg=3.000000
P(3)_RTR_CTRLmsgCntHist_Samples=1480
P(3)_RTR_CTRLmsgS1Hist(3)=17870
P(3)_RTR_CTRLmsgS1Hist_MaxKey=3
P(3)_RTR_CTRLmsgS1Hist_Avg=3.000000
P(3)_RTR_CTRLmsgS1Hist_Samples=17870
P(3)_RTR_CTRLmsgS2Hist(3)=216180
P(3)_RTR_CTRLmsgS2Hist_MaxKey=3
P(3)_RTR_CTRLmsgS2Hist_Avg=3.000000
P(3)_RTR_CTRLmsgS2Hist_Samples=216180
P(3)_RTR_DATAmsgCntHist(3)=1230
P(3)_RTR_DATAmsgCntHist_MaxKey=3
P(3)_RTR_DATAmsgCntHist_Avg=3.000000
P(3)_RTR_DATAmsgCntHist_Samples=1230
P(3)_RTR_DATAmsgS1Hist(3)=19792
P(3)_RTR_DATAmsgS1Hist_MaxKey=3
P(3)_RTR_DATAmsgS1Hist_Avg=3.000000
P(3)_RTR_DATAmsgS1Hist_Samples=19792
P(3)_RTR_DATAmsgS2Hist(3)=318916
P(3)_RTR_DATAmsgS2Hist_MaxKey=3
P(3)_RTR_DATAmsgS2Hist_Avg=3.000000
P(3)_RTR_DATAmsgS2Hist_Samples=318916
P(3)_RTR_bus_occ:v=0:n=3207
P(3)_L2S:readHalfMiss=0
P(3)_L2S:writeHalfMiss=0
P(3)_L2S:writeMiss=0
P(3)_L2S:readMiss=497
P(3)_L2S:readHit=983
P(3)_L2S:writeHit=0
P(3)_L2S:writeBack=0
P(3)_L2S:lineFill=497
P(3)_L2S:linePush=1230
P(3)_L2S:nForwarded=0
P(3)_L2S:nWBFull=0
P(3)_L2S_avgPendingWrites:v=0:n=0
P(3)_L2S_avgMissLat:v=210:n=497
P(3)_L2S:rejected=0
P(3)_L2S:rejectedHits=0
P(3)_L2S_DIR_occ:v=0:n=1230
P(3)_L2S_MSHR0_MSHR:nUse=497
P(3)_L2S_MSHR0_MSHR:nUseReads=497
P(3)_L2S_MSHR0_MSHR:nUseWrites=0
P(3)_L2S_MSHR0_MSHR:nOverflows=0
P(3)_L2S_MSHR0_MSHR_maxUsedEntries:max=7:n=497
P(3)_L2S_MSHR0_MSHR:nCanAccept=0
P(3)_L2S_MSHR0_MSHR:nCanNotAccept=0
P(3)_L2S_MSHR0_MSHR:nCanNotAcceptConv=0
P(3)_L2S_MSHR0_MSHR:blockingCycles_AutoAvg=0.000000
P(3)_L2S_MSHR0_MSHR_avgOverflowConsumptions:v=0:n=0
P(3)_L2S_MSHR0_MSHR_maxOutsReqs:max=7:n=497
P(3)_L2S_MSHR0_MSHR_avgReqsPerLine:v=1:n=497
P(3)_L2S_MSHR0_MSHR:nIssuesNewEntry=497
P(3)_L2S_MSHR0_MSHR:nCanNotAcceptSubEntryFull=0
P(3)_L2S_MSHR0_MSHR:nCanNotAcceptTooManyWrites=0
P(3)_L2S_MSHR0_MSHR_avgQueueSize:v=0:n=497
P(3)_L2S_MSHR0_MSHR_avgWritesPerLine:v=0:n=497
P(3)_L2S_MSHR0_MSHR_avgWritesPerLineComb:v=0:n=497
P(3)_L2S_MSHR0_MSHR:nOnlyWrites=0
P(3)_L2S_MSHR0_MSHR:nRetiredEntries=497
P(3)_L2S_MSHR0_MSHR:nRetiredEntriesWritten=0
P(3)_L2S_B0:nAccesses=0
P(3)_L2S_occ:v=0:n=2710
P(3)_L2S_B0_occ:v=0:n=3207
P(3)_L2S_MSHR_B0_occ:v=0.00134138:n=1491
P(3)_DL1_occ:v=0:n=0
P(3)_DL1_MSHR:nUse=0
P(3)_DL1_MSHR:nUseReads=0
P(3)_DL1_MSHR:nUseWrites=0
P(3)_DL1_MSHR:nOverflows=0
P(3)_DL1_MSHR_maxUsedEntries:max=0:n=0
P(3)_DL1_MSHR:nCanAccept=0
P(3)_DL1_MSHR:nCanNotAccept=0
P(3)_DL1_MSHR:nCanNotAcceptConv=0
P(3)_DL1_MSHR:blockingCycles_AutoAvg=0.000000
P(3)_DL1_MSHR_avgOverflowConsumptions:v=0:n=0
P(3)_DL1_MSHR_maxOutsReqs:max=0:n=0
P(3)_DL1_MSHR_avgReqsPerLine:v=0:n=0
P(3)_DL1_MSHR:nIssuesNewEntry=0
P(3)_DL1_MSHR:nCanNotAcceptSubEntryFull=0
P(3)_DL1_MSHR:nCanNotAcceptTooManyWrites=0
P(3)_DL1_MSHR_avgQueueSize:v=0:n=0
P(3)_DL1_MSHR_avgWritesPerLine:v=0:n=0
P(3)_DL1_MSHR_avgWritesPerLineComb:v=0:n=0
P(3)_DL1_MSHR:nOnlyWrites=0
P(3)_DL1_MSHR:nRetiredEntries=0
P(3)_DL1_MSHR:nRetiredEntriesWritten=0
P(3)_IL1:readHit=0
P(3)_IL1:writeHit=0
P(3)_IL1:readMiss=0
P(3)_IL1:writeMiss=0
P(3)_IL1:readHalfMiss=0
P(3)_IL1:writeHalfMiss=0
P(3)_IL1:writeBack=0
P(3)_IL1:linePush=0
P(3)_IL1:lineFill=0
P(3)_IL1:readRetry=0
P(3)_IL1:writeRetry=0
P(3)_IL1:invalDirty=0
P(3)_IL1:allocDirty=0
P(3)_IL1_occ:v=0:n=0
P(3)_IL1_MSHR:nUse=0
P(3)_IL1_MSHR:nUseReads=0
P(3)_IL1_MSHR:nUseWrites=0
P(3)_IL1_MSHR:nOverflows=0
P(3)_IL1_MSHR_maxUsedEntries:max=0:n=0
P(3)_IL1_MSHR:nCanAccept=0
P(3)_IL1_MSHR:nCanNotAccept=0
P(3)_IL1_MSHR:nCanNotAcceptConv=0
P(3)_IL1_MSHR:blockingCycles_AutoAvg=0.000000
P(3)_IL1_MSHR_avgOverflowConsumptions:v=0:n=0
P(3)_IL1_MSHR_maxOutsReqs:max=0:n=0
P(3)_IL1_MSHR_avgReqsPerLine:v=0:n=0
P(3)_IL1_MSHR:nIssuesNewEntry=0
P(3)_IL1_MSHR:nCanNotAcceptSubEntryFull=0
P(3)_IL1_MSHR:nCanNotAcceptTooManyWrites=0
P(3)_IL1_MSHR_avgQueueSize:v=0:n=0
P(3)_IL1_MSHR_avgWritesPerLine:v=0:n=0
P(3)_IL1_MSHR_avgWritesPerLineComb:v=0:n=0
P(3)_IL1_MSHR:nOnlyWrites=0
P(3)_IL1_MSHR:nRetiredEntries=0
P(3)_IL1_MSHR:nRetiredEntriesWritten=0
LDSTQ(3)_ldldViolations=0
LDSTQ(3)_stldViolations=0
LDSTQ(3)_ststViolations=0
LDSTQ(3)_stldForwarding=0
Proc(3)_FXClusterIssueX:nReplay=0
Proc(3)_FXClusterIssueX_wakeUp_occ:v=0:n=0
Proc(3)_FXClusterIssueX_sched_occ:v=0:n=0
Proc(3)_FXClusterIssueX_winNotUsed:v=0:n=0
ALUIssueX(3)_occ:v=0:n=0
LDSTIssueX(3)_occ:v=0:n=0
FULoad(3)_ldqNotUsed:v=0:n=0
FULoad(3):nForwarded=0
FUStore(3)_stqNotUsed:v=0:n=0
FUStore(3):nDeadStore=0
FUStore(3):nFences=0
FUStore(3):fenceStallCycles=0
Proc(3)_FPClusterIssueX:nReplay=0
Proc(3)_FPClusterIssueX_wakeUp_occ:v=0:n=0
Proc(3)_FPClusterIssueX_sched_occ:v=0:n=0
Proc(3)_FPClusterIssueX_winNotUsed:v=0:n=0
FPIssueX(3)_occ:v=0:n=0
Proc(3)_robUsed:v=0:n=0
Processor(3)_noFetch=0
Processor(3)_noFetch2=0
ExeEngine(3)_retired:v=0:n=0
ExeEngine(3):noRetOtherCause=0
Processor(3):nLocks=0
Processor(3):nLockContCycles=0
ExeEngine(3):nSmallWin=0
ExeEngine(3):nSmallROB=0
ExeEngine(3):nSmallREG=0
ExeEngine(3):nOutsLoads=0
ExeEngine(3):nOutsStores=0
ExeEngine(3):nOutsBranches=0
ExeEngine(3):nReplays=0
ExeEngine(3):PortConflict=0
ExeEngine(3):switch=0
ExeEngine(3):noRetSelf_iOpInvalid_NotExecuted=0
ExeEngine(3):noRetSelf_iALU_NotExecuted=0
ExeEngine(3):noRetSelf_iMult_NotExecuted=0
ExeEngine(3):noRetSelf_iDiv_NotExecuted=0
ExeEngine(3):noRetSelf_iBJ_NotExecuted=0
ExeEngine(3):noRetSelf_iLoad_NotExecuted=0
ExeEngine(3):noRetSelf_iStore_NotExecuted=0
ExeEngine(3):noRetSelf_fpALU_NotExecuted=0
ExeEngine(3):noRetSelf_fpMult_NotExecuted=0
ExeEngine(3):noRetSelf_fpDiv_NotExecuted=0
ExeEngine(3):noRetSelf_iFence_NotExecuted=0
ExeEngine(3):noRetSelf_iLoad_NotFinished=0
ExeEngine(3):noRetSelf_iStore_NoCacheSpace=0
ExeEngine(3):noRetSelf_iStore_NoCachePorts=0
ExeEngine(3):noRetSelf_iStore_WaitForFence=0
ExeEngine(3):noRetSelf_iFence_NoCacheSpace=0
ExeEngine(3):noRetSelf_iFence_WaitForFence=0
ExeEngine(3):noRetOther_iOpInvalid_NotExecuted=0
ExeEngine(3):noRetOther_iALU_NotExecuted=0
ExeEngine(3):noRetOther_iMult_NotExecuted=0
ExeEngine(3):noRetOther_iDiv_NotExecuted=0
ExeEngine(3):noRetOther_iBJ_NotExecuted=0
ExeEngine(3):noRetOther_iLoad_NotExecuted=0
ExeEngine(3):noRetOther_iStore_NotExecuted=0
ExeEngine(3):noRetOther_fpALU_NotExecuted=0
ExeEngine(3):noRetOther_fpMult_NotExecuted=0
ExeEngine(3):noRetOther_fpDiv_NotExecuted=0
ExeEngine(3):noRetOther_iFence_NotExecuted=0
ExeEngine(3):noRetOther_iLoad_NotFinished=0
ExeEngine(3):noRetOther_iStore_NoCacheSpace=0
ExeEngine(3):noRetOther_iStore_NoCachePorts=0
ExeEngine(3):noRetOther_iStore_WaitForFence=0
ExeEngine(3):noRetOther_iFence_NoCacheSpace=0
ExeEngine(3):noRetOther_iFence_WaitForFence=0
PendingWindow(3)_iOpInvalid:n=0
PendingWindow(3)_iALU:n=0
PendingWindow(3)_iComplex:n=0
PendingWindow(3)_iBJ:n=0
PendingWindow(3)_iLoad:n=0
PendingWindow(3)_iStore:n=0
PendingWindow(3)_fpALU:n=0
PendingWindow(3)_fpComplex:n=0
PendingWindow(3)_other:n=0
FetchEngine(3)_avgBranchTime:v=0:n=0
FetchEngine(3)_avgInstsFetched:v=0:n=0
FetchEngine(3):nDelayInst1=0
FetchEngine(3):nDelayInst2=0
FetchEngine(3):nFetched=0
FetchEngine(3):nBTAC=0
FetchEngine(3):szBB_MaxKey=0
FetchEngine(3):szBB_Avg=-nan
FetchEngine(3):szBB_Samples=0
FetchEngine(3):szFB_MaxKey=0
FetchEngine(3):szFB_Avg=-nan
FetchEngine(3):szFB_Samples=0
FetchEngine(3):szFS_MaxKey=0
FetchEngine(3):szFS_Avg=-nan
FetchEngine(3):szFS_Samples=0
BPred(3)_RAS:nHit=0
BPred(3)_RAS:nMiss=0
BPred(3):nBranches=0
BPred(3):nTaken=0
BPred(3):nMiss=0
BPred(3)_Hybrid:nHit=0
BPred(3)_Hybrid:nMiss=0
BPred(3)_BTB:nHit=0
BPred(3)_BTB:nMiss=0
END GStats::report Final
OSSim:endTime=Mon Mar  2 13:53:14 2020

