#BEGIN Configuration used. Extracted from "/home/cs6290/sesc/confs/cmp4-noc.conf":
cpucore[0:3]='issueX'
NoMigration=true
pageSize  =4096
procsPerNode=4
technology='techParam'
[BPredIssueX]
Metasize  =2048
MetaBits  =2
l2Bits    =1
btbAssoc  =2
l2size    =2048
btbBsize  =1
btbSize   =256
localSize =2048
btbReplPolicy='LRU'
localBits =2
BTACDelay =0
historySize=8
type      ='hybrid'
rasSize   =32
[L2Slice]
numPorts  =2
assoc     =16
numPortsDir=1
inclusive =false
writePolicy='WB'
size      =1048576
deviceType='slicecache'
hitDelayDir=1
MSHR      ='L2MSHR'
missDelay =12
lowerLevel="Router RTR sharedBy 1"
portOccp  =1
replPolicy='LRU'
hitDelay  =12
portOccpDir=1
bsize     =64
[FPClusterIssueX]
fpDivLat  =20
wakeupDelay=2
schedPortOccp=1
fpMultUnit='FPIssueX'
recycleAt ='Execute'
wakeUpPortOccp=1
fpALUUnit ='FPIssueX'
fpDivUnit ='FPIssueX'
schedDelay=1
fpALULat  =1
fpMultLat =8
wakeUpNumPorts=4
winSize   =16
schedNumPorts=4
[issueX]
renameDelay=1
frequency =1.000000e+09
bpred     ='BPredIssueX'
interClusterLat=2
dtlb      ='FXDTLB'
maxBranches=32
intRegs   =64
fetchWidth=2
instQueueSize=32
itlb      ='FXITLB'
bb4Cycle  =1
decodeDelay=2
dataSource="DMemory DL1"
inorder   =false
enableICache=true
retireWidth=2
robSize   =64
maxLoads  =44
instrSource="IMemory IL1"
fpRegs    =64
maxIRequests=4
issueWidth=2
regFileDelay=1
OSType    ='dummy'
stForwardDelay=1
cluster[1:1]='FPClusterIssueX'
cluster   ='FXClusterIssueX'
maxStores =36
[NOC]
booksim_output='booksim.log'
deviceType='booksim'
booksim_sample=1000000
booksim_config='mesh22.booksim'
lowerLevel="MemoryCtrl MemCtrl shared"
[FXITLB]
size      =512
assoc     =4
replPolicy='LRU'
bsize     =8
deviceType='cache'
[DMemory]
bsize     =64
hitDelay  =1
deviceType='smpcache'
assoc     =4
lowerLevel="Router RTR sharedBy 1"
sideLowerLevel="L2Slice L2S"
MSHR      ='DMSHR'
size      =2048
portOccp  =1
protocol  ='DMESI'
missDelay =1
numPorts  =2
replPolicy='NXLRU'
[MemoryCtrl]
numPorts  =8
lowerLevel="MemoryBus MemoryBus"
delay     =1
deviceType='memoryController'
portOccp  =1
[Memory]
size      =64
replPolicy='LRU'
MSHR      ='NoMSHR'
portOccp  =1
assoc     =1
bsize     =64
deviceType='niceCache'
numPorts  =1
lowerLevel='voidDevice'
missDelay =10000
hitDelay  =200
[IMemory]
lowerLevel="Router RTR sharedBy 1"
bsize     =64
protocol  ='DMESI'
portOccp  =1
size      =32768
MSHR      ='iMSHR'
hitDelay  =1
replPolicy='LRU'
assoc     =4
numPorts  =1
deviceType='icache'
sideLowerLevel=''
missDelay =1
[MemoryBus]
lowerLevel="Memory Memory"
deviceType='bus'
numPorts  =8
portOccp  =8
delay     =5
[FXDTLB]
deviceType='cache'
bsize     =8
assoc     =4
replPolicy='LRU'
size      =512
[FXClusterIssueX]
wakeUpPortOccp=1
iBJUnit   ='ALUIssueX'
iStoreUnit='LDSTIssueX'
iDivLat   =12
winSize   =56
iALUUnit  ='ALUIssueX'
iALULat   =1
schedNumPorts=4
schedDelay=1
iLoadLat  =1
iLoadUnit ='LDSTIssueX'
iMultLat  =4
wakeUpNumPorts=4
iBJLat    =1
iStoreLat =1
iMultUnit ='ALUIssueX'
iDivUnit  ='ALUIssueX'
recycleAt ='Execute'
schedPortOccp=1
wakeupDelay=2
[NoMSHR]
bsize     =64
size      =128
type      ='none'
[L2MSHR]
bsize     =64
size      =64
type      ='single'
[DMSHR]
bsize     =64
type      ='single'
size      =64
[Router]
dimY      =2
numPorts  =2
deviceType='router'
lowerLevel="NOC NOC shared"
portOccp  =1
delay     =1
dimX      =2
[iMSHR]
type      ='single'
size      =32
bsize     =64
[FPIssueX]
Num       =2
Occ       =1
[voidDevice]
deviceType='void'
[LDSTIssueX]
Occ       =1
Num       =1
[FileSys]
mount     ='/bin=/mipsroot/tools/bin:/lib=/mipsroot/tools/lib:/tools=/mipsroot/tools'
[ALUIssueX]
Num       =1
Occ       =1
[techParam]
frequency =1.000000e+09
#END Configuration used. Extracted from "/home/cs6290/sesc/confs/cmp4-noc.conf":
OSSim:beginTime=Wed Mar  4 11:51:44 2020

OSSim:bench=/home/cs6290/sesc/sesc.opt -f radix.rpt -c /home/cs6290/sesc/confs/cmp4-noc.conf -oradix.out -eradix.err radix.mipseb -p1 -n8192 -r256 -m65536 
OSSim:benchName=radix.mipseb
ProcessId(0):totalTime=4784653:waitTime=0:spawnTime=0:exitTime=4784653:Switchs=1
ProcessId(0):cpu=0:migrable=false:pinned=true:pid=0:ppid=-1:parentId=-1
ProcessId:nSwitchs=1:nSpawns=0:nGradInsts=1530954:nWPathInsts=0
Proc(0):clockTicks=4784687
Proc(1):clockTicks=0
Proc(2):clockTicks=0
Proc(3):clockTicks=0
OSSim:reportName=Final
OSSim:msecs=   16.93:nCPUs=4:nCycles=4784688
OSSim:pseudoreset=0
BEGIN GStats::report Final
Read_U=0
Read_S=0
Read_E=0
Read_bS=0
Read_bE=0
Read_bS_H=0
Read_bE_H=0
Write_U=0
Write_S=0
Write_E=0
Write_bS=0
Write_bE=0
Write_bS_H=0
Write_bE_H=0
P(0)_DL1:readHit=102495
P(0)_DL1:writeHit=70497
P(0)_DL1:readMiss=15251
P(0)_DL1:writeMiss=20830
P(0)_DL1:readHalfMiss=27224
P(0)_DL1:writeHalfMiss=6557
P(0)_DL1:writeBack=28290
P(0)_DL1:linePush=0
P(0)_DL1:lineFill=36081
P(0)_DL1:readRetry=25622
P(0)_DL1:writeRetry=42747
P(0)_DL1:invalDirty=0
P(0)_DL1:allocDirty=28290
P(0)_RTR_CTRLmsgCntHist(1)=17900
P(0)_RTR_CTRLmsgCntHist(2)=18679
P(0)_RTR_CTRLmsgCntHist(3)=8684
P(0)_RTR_CTRLmsgCntHist_MaxKey=3
P(0)_RTR_CTRLmsgCntHist_Avg=1.796390
P(0)_RTR_CTRLmsgCntHist_Samples=45263
P(0)_RTR_CTRLmsgS1Hist(1)=0
P(0)_RTR_CTRLmsgS1Hist(2)=178679
P(0)_RTR_CTRLmsgS1Hist(3)=106802
P(0)_RTR_CTRLmsgS1Hist_MaxKey=3
P(0)_RTR_CTRLmsgS1Hist_Avg=2.374112
P(0)_RTR_CTRLmsgS1Hist_Samples=285481
P(0)_RTR_CTRLmsgS2Hist(1)=0
P(0)_RTR_CTRLmsgS2Hist(2)=1752629
P(0)_RTR_CTRLmsgS2Hist(3)=1322820
P(0)_RTR_CTRLmsgS2Hist_MaxKey=3
P(0)_RTR_CTRLmsgS2Hist_Avg=2.430123
P(0)_RTR_CTRLmsgS2Hist_Samples=3075449
P(0)_RTR_DATAmsgCntHist(1)=17900
P(0)_RTR_DATAmsgCntHist(2)=18944
P(0)_RTR_DATAmsgCntHist(3)=8814
P(0)_RTR_DATAmsgCntHist_MaxKey=3
P(0)_RTR_DATAmsgCntHist_Avg=1.800999
P(0)_RTR_DATAmsgCntHist_Samples=45658
P(0)_RTR_DATAmsgS1Hist(1)=0
P(0)_RTR_DATAmsgS1Hist(2)=262964
P(0)_RTR_DATAmsgS1Hist(3)=144033
P(0)_RTR_DATAmsgS1Hist_MaxKey=3
P(0)_RTR_DATAmsgS1Hist_Avg=2.353892
P(0)_RTR_DATAmsgS1Hist_Samples=406997
P(0)_RTR_DATAmsgS2Hist(1)=0
P(0)_RTR_DATAmsgS2Hist(2)=3718748
P(0)_RTR_DATAmsgS2Hist(3)=2363135
P(0)_RTR_DATAmsgS2Hist_MaxKey=3
P(0)_RTR_DATAmsgS2Hist_Avg=2.388553
P(0)_RTR_DATAmsgS2Hist_Samples=6081883
NOC_MESH_CTRLmsgCntHist(2)=37623
NOC_MESH_CTRLmsgCntHist(3)=17498
NOC_MESH_CTRLmsgCntHist_MaxKey=3
NOC_MESH_CTRLmsgCntHist_Avg=2.317447
NOC_MESH_CTRLmsgCntHist_Samples=55121
NOC_MESH_CTRLmsgS1Hist(2)=308478
NOC_MESH_CTRLmsgS1Hist(3)=193900
NOC_MESH_CTRLmsgS1Hist_MaxKey=3
NOC_MESH_CTRLmsgS1Hist_Avg=2.385964
NOC_MESH_CTRLmsgS1Hist_Samples=502378
NOC_MESH_CTRLmsgS2Hist(2)=2557864
NOC_MESH_CTRLmsgS2Hist(3)=2151992
NOC_MESH_CTRLmsgS2Hist_MaxKey=3
NOC_MESH_CTRLmsgS2Hist_Avg=2.456912
NOC_MESH_CTRLmsgS2Hist_Samples=4709856
NOC_MESH_DATAmsgCntHist(2)=37623
NOC_MESH_DATAmsgCntHist(3)=17498
NOC_MESH_DATAmsgCntHist_MaxKey=3
NOC_MESH_DATAmsgCntHist_Avg=2.317447
NOC_MESH_DATAmsgCntHist_Samples=55121
NOC_MESH_DATAmsgS1Hist(2)=466432
NOC_MESH_DATAmsgS1Hist(3)=265089
NOC_MESH_DATAmsgS1Hist_MaxKey=3
NOC_MESH_DATAmsgS1Hist_Avg=2.362381
NOC_MESH_DATAmsgS1Hist_Samples=731521
NOC_MESH_DATAmsgS2Hist(2)=5847406
NOC_MESH_DATAmsgS2Hist(3)=4023517
NOC_MESH_DATAmsgS2Hist_MaxKey=3
NOC_MESH_DATAmsgS2Hist_Avg=2.407613
NOC_MESH_DATAmsgS2Hist_Samples=9870923
DataP(0)_MemoryBus_occ:v=0:n=2015
CmdP(0)_MemoryBus_occ:v=0:n=2015
P(0)_Memory:readHalfMiss=0
P(0)_Memory:writeHalfMiss=0
P(0)_Memory:writeMiss=0
P(0)_Memory:readMiss=0
P(0)_Memory:readHit=2015
P(0)_Memory:writeHit=0
P(0)_Memory:writeBack=0
P(0)_Memory:lineFill=0
P(0)_Memory:linePush=0
P(0)_Memory:nForwarded=0
P(0)_Memory:nWBFull=0
P(0)_Memory_avgPendingWrites:v=0:n=0
P(0)_Memory_avgMissLat:v=0:n=0
P(0)_Memory:rejected=0
P(0)_Memory:rejectedHits=0
P(0)_Memory_MSHR0_MSHR:nUse=0
P(0)_Memory_MSHR0_MSHR:nUseReads=0
P(0)_Memory_MSHR0_MSHR:nUseWrites=0
P(0)_Memory_MSHR0_MSHR:nOverflows=0
P(0)_Memory_MSHR0_MSHR_maxUsedEntries:max=0:n=0
P(0)_Memory_MSHR0_MSHR:nCanAccept=0
P(0)_Memory_MSHR0_MSHR:nCanNotAccept=0
P(0)_Memory_MSHR0_MSHR:nCanNotAcceptConv=0
P(0)_Memory_MSHR0_MSHR:blockingCycles_AutoAvg=0.000000
P(0)_Memory_B0:nAccesses=2015
P(0)_Memory_occ:v=0:n=0
P(0)_Memory_B0_occ:v=0:n=0
P(0)_Memory_MSHR_B0_occ:v=0:n=0
P(0)_MemoryBus_AvgTime_MemRead:v=2.5:n=1602
P(0)_MemoryBus_AvgTime_MemWrite:v=0:n=0
P(0)_MemoryBus_AvgTime_MemPush:v=0:n=0
P(0)_MemoryBus_AvgTime_MemReadW:v=2.5:n=2428
MemCtrl_bus_occ:v=0:n=2015
P(0)_RTR_bus_occ:v=0.00290946:n=91426
P(0)_L2S:readHalfMiss=0
P(0)_L2S:writeHalfMiss=0
P(0)_L2S:writeMiss=0
P(0)_L2S:readMiss=505
P(0)_L2S:readHit=8510
P(0)_L2S:writeHit=0
P(0)_L2S:writeBack=0
P(0)_L2S:lineFill=505
P(0)_L2S:linePush=8885
P(0)_L2S:nForwarded=0
P(0)_L2S:nWBFull=0
P(0)_L2S_avgPendingWrites:v=0:n=0
P(0)_L2S_avgMissLat:v=210:n=505
P(0)_L2S:rejected=0
P(0)_L2S:rejectedHits=0
P(0)_L2S_DIR_occ:v=0:n=8885
P(0)_L2S_MSHR0_MSHR:nUse=505
P(0)_L2S_MSHR0_MSHR:nUseReads=505
P(0)_L2S_MSHR0_MSHR:nUseWrites=0
P(0)_L2S_MSHR0_MSHR:nOverflows=0
P(0)_L2S_MSHR0_MSHR_maxUsedEntries:max=3:n=505
P(0)_L2S_MSHR0_MSHR:nCanAccept=0
P(0)_L2S_MSHR0_MSHR:nCanNotAccept=0
P(0)_L2S_MSHR0_MSHR:nCanNotAcceptConv=0
P(0)_L2S_MSHR0_MSHR:blockingCycles_AutoAvg=0.000000
P(0)_L2S_MSHR0_MSHR_avgOverflowConsumptions:v=0:n=0
P(0)_L2S_MSHR0_MSHR_maxOutsReqs:max=3:n=505
P(0)_L2S_MSHR0_MSHR_avgReqsPerLine:v=1:n=505
P(0)_L2S_MSHR0_MSHR:nIssuesNewEntry=505
P(0)_L2S_MSHR0_MSHR:nCanNotAcceptSubEntryFull=0
P(0)_L2S_MSHR0_MSHR:nCanNotAcceptTooManyWrites=0
P(0)_L2S_MSHR0_MSHR_avgQueueSize:v=0:n=505
P(0)_L2S_MSHR0_MSHR_avgWritesPerLine:v=0:n=505
P(0)_L2S_MSHR0_MSHR_avgWritesPerLineComb:v=0:n=505
P(0)_L2S_MSHR0_MSHR:nOnlyWrites=0
P(0)_L2S_MSHR0_MSHR:nRetiredEntries=505
P(0)_L2S_MSHR0_MSHR:nRetiredEntriesWritten=0
P(0)_L2S_B0:nAccesses=0
P(0)_L2S_occ:v=0:n=17900
P(0)_L2S_B0_occ:v=0:n=18405
P(0)_L2S_MSHR_B0_occ:v=0:n=1515
P(0)_DL1_occ:v=0.246517:n=408815
P(0)_DL1_MSHR:nUse=209073
P(0)_DL1_MSHR:nUseReads=209073
P(0)_DL1_MSHR:nUseWrites=0
P(0)_DL1_MSHR:nOverflows=0
P(0)_DL1_MSHR_maxUsedEntries:max=19:n=175292
P(0)_DL1_MSHR:nCanAccept=91327
P(0)_DL1_MSHR:nCanNotAccept=1468
P(0)_DL1_MSHR:nCanNotAcceptConv=0
P(0)_DL1_MSHR:blockingCycles(0)=4783220
P(0)_DL1_MSHR:blockingCycles(1)=1468
P(0)_DL1_MSHR:blockingCycles_AutoAvg=0.000000
P(0)_DL1_MSHR_avgOverflowConsumptions:v=0:n=0
P(0)_DL1_MSHR_maxOutsReqs:max=107:n=209073
P(0)_DL1_MSHR_avgReqsPerLine:v=1.19271:n=175292
P(0)_DL1_MSHR:nIssuesNewEntry=175292
P(0)_DL1_MSHR:nCanNotAcceptSubEntryFull=1468
P(0)_DL1_MSHR:nCanNotAcceptTooManyWrites=0
P(0)_DL1_MSHR_avgQueueSize:v=2.98987:n=209073
P(0)_DL1_MSHR_avgWritesPerLine:v=0:n=175292
P(0)_DL1_MSHR_avgWritesPerLineComb:v=0:n=175292
P(0)_DL1_MSHR:nOnlyWrites=0
P(0)_DL1_MSHR:nRetiredEntries=175292
P(0)_DL1_MSHR:nRetiredEntriesWritten=0
P(0)_IL1:readHit=795525
P(0)_IL1:writeHit=0
P(0)_IL1:readMiss=692
P(0)_IL1:writeMiss=0
P(0)_IL1:readHalfMiss=1091
P(0)_IL1:writeHalfMiss=0
P(0)_IL1:writeBack=0
P(0)_IL1:linePush=0
P(0)_IL1:lineFill=692
P(0)_IL1:readRetry=0
P(0)_IL1:writeRetry=0
P(0)_IL1:invalDirty=0
P(0)_IL1:allocDirty=0
P(0)_IL1_occ:v=0.00485277:n=797894
P(0)_IL1_MSHR:nUse=796217
P(0)_IL1_MSHR:nUseReads=796217
P(0)_IL1_MSHR:nUseWrites=0
P(0)_IL1_MSHR:nOverflows=0
P(0)_IL1_MSHR_maxUsedEntries:max=3:n=795126
P(0)_IL1_MSHR:nCanAccept=0
P(0)_IL1_MSHR:nCanNotAccept=0
P(0)_IL1_MSHR:nCanNotAcceptConv=0
P(0)_IL1_MSHR:blockingCycles_AutoAvg=0.000000
P(0)_IL1_MSHR_avgOverflowConsumptions:v=0:n=0
P(0)_IL1_MSHR_maxOutsReqs:max=4:n=796217
P(0)_IL1_MSHR_avgReqsPerLine:v=1.00137:n=795126
P(0)_IL1_MSHR:nIssuesNewEntry=795126
P(0)_IL1_MSHR:nCanNotAcceptSubEntryFull=0
P(0)_IL1_MSHR:nCanNotAcceptTooManyWrites=0
P(0)_IL1_MSHR_avgQueueSize:v=0.0243137:n=796217
P(0)_IL1_MSHR_avgWritesPerLine:v=0:n=795126
P(0)_IL1_MSHR_avgWritesPerLineComb:v=0:n=795126
P(0)_IL1_MSHR:nOnlyWrites=0
P(0)_IL1_MSHR:nRetiredEntries=795126
P(0)_IL1_MSHR:nRetiredEntriesWritten=0
LDSTQ(0)_ldldViolations=0
LDSTQ(0)_stldViolations=0
LDSTQ(0)_ststViolations=89
LDSTQ(0)_stldForwarding=12148
Proc(0)_FXClusterIssueX:nReplay=15722
Proc(0)_FXClusterIssueX_wakeUp_occ:v=0.0188049:n=1505296
Proc(0)_FXClusterIssueX_sched_occ:v=0.000483629:n=752643
Proc(0)_FXClusterIssueX_winNotUsed:v=28.9417:n=752643
ALUIssueX(0)_occ:v=1.29059:n=517496
LDSTIssueX(0)_occ:v=0.385893:n=326474
FULoad(0)_ldqNotUsed:v=32.2714:n=143820
FULoad(0):nForwarded=26074
FUStore(0)_stqNotUsed:v=28.3336:n=91327
FUStore(0):nDeadStore=0
FUStore(0):nFences=0
FUStore(0):fenceStallCycles=0
Proc(0)_FPClusterIssueX:nReplay=0
Proc(0)_FPClusterIssueX_wakeUp_occ:v=0:n=1556610
Proc(0)_FPClusterIssueX_sched_occ:v=0:n=778310
Proc(0)_FPClusterIssueX_winNotUsed:v=0.0337141:n=778310
FPIssueX(0)_occ:v=0:n=778310
Proc(0)_robUsed:v=25.3843:n=4784687
Processor(0)_noFetch=0
Processor(0)_noFetch2=3988470
ExeEngine(0)_retired:v=0.329019:n=4653082
ExeEngine(0):noRetOtherCause=0
Processor(0):nLocks=0
Processor(0):nLockContCycles=0
ExeEngine(0):nSmallWin=6577990
ExeEngine(0):nSmallROB=1047725
ExeEngine(0):nSmallREG=0
ExeEngine(0):nOutsLoads=0
ExeEngine(0):nOutsStores=0
ExeEngine(0):nOutsBranches=0
ExeEngine(0):nReplays=0
ExeEngine(0):PortConflict=0
ExeEngine(0):switch=0
ExeEngine(0):noRetSelf_iOpInvalid_NotExecuted=0
ExeEngine(0):noRetSelf_iALU_NotExecuted=156918
ExeEngine(0):noRetSelf_iMult_NotExecuted=108
ExeEngine(0):noRetSelf_iDiv_NotExecuted=117
ExeEngine(0):noRetSelf_iBJ_NotExecuted=7417
ExeEngine(0):noRetSelf_iLoad_NotExecuted=373725
ExeEngine(0):noRetSelf_iStore_NotExecuted=93110
ExeEngine(0):noRetSelf_fpALU_NotExecuted=942154
ExeEngine(0):noRetSelf_fpMult_NotExecuted=2613377
ExeEngine(0):noRetSelf_fpDiv_NotExecuted=0
ExeEngine(0):noRetSelf_iFence_NotExecuted=0
ExeEngine(0):noRetSelf_iLoad_NotFinished=0
ExeEngine(0):noRetSelf_iStore_NoCacheSpace=1468
ExeEngine(0):noRetSelf_iStore_NoCachePorts=10112
ExeEngine(0):noRetSelf_iStore_WaitForFence=0
ExeEngine(0):noRetSelf_iFence_NoCacheSpace=0
ExeEngine(0):noRetSelf_iFence_WaitForFence=0
ExeEngine(0):noRetOther_iOpInvalid_NotExecuted=0
ExeEngine(0):noRetOther_iALU_NotExecuted=126817
ExeEngine(0):noRetOther_iMult_NotExecuted=102
ExeEngine(0):noRetOther_iDiv_NotExecuted=110
ExeEngine(0):noRetOther_iBJ_NotExecuted=6098
ExeEngine(0):noRetOther_iLoad_NotExecuted=365542
ExeEngine(0):noRetOther_iStore_NotExecuted=54406
ExeEngine(0):noRetOther_fpALU_NotExecuted=663613
ExeEngine(0):noRetOther_fpMult_NotExecuted=2351223
ExeEngine(0):noRetOther_fpDiv_NotExecuted=0
ExeEngine(0):noRetOther_iFence_NotExecuted=0
ExeEngine(0):noRetOther_iLoad_NotFinished=0
ExeEngine(0):noRetOther_iStore_NoCacheSpace=1452
ExeEngine(0):noRetOther_iStore_NoCachePorts=6307
ExeEngine(0):noRetOther_iStore_WaitForFence=0
ExeEngine(0):noRetOther_iFence_NoCacheSpace=0
ExeEngine(0):noRetOther_iFence_WaitForFence=0
PendingWindow(0)_iOpInvalid:n=0
PendingWindow(0)_iALU:n=449804
PendingWindow(0)_iComplex:n=101
PendingWindow(0)_iBJ:n=67591
PendingWindow(0)_iLoad:n=143820
PendingWindow(0)_iStore:n=91327
PendingWindow(0)_fpALU:n=401458
PendingWindow(0)_fpComplex:n=376852
PendingWindow(0)_other:n=0
FetchEngine(0)_avgBranchTime:v=85.9238:n=1771
FetchEngine(0)_avgInstsFetched:v=0:n=0
FetchEngine(0):nDelayInst1=304342
FetchEngine(0):nDelayInst2=60583
FetchEngine(0):nFetched=1530953
FetchEngine(0):nBTAC=0
FetchEngine(0):szBB(1)=501
FetchEngine(0):szBB(2)=1015
FetchEngine(0):szBB(3)=822
FetchEngine(0):szBB(4)=894
FetchEngine(0):szBB(5)=1248
FetchEngine(0):szBB(6)=1835
FetchEngine(0):szBB(101)=8191
FetchEngine(0):szBB(7)=1122
FetchEngine(0):szBB(8)=171
FetchEngine(0):szBB(9)=930
FetchEngine(0):szBB(10)=948
FetchEngine(0):szBB(11)=24653
FetchEngine(0):szBB(59)=3
FetchEngine(0):szBB(12)=170
FetchEngine(0):szBB(13)=115
FetchEngine(0):szBB(14)=112
FetchEngine(0):szBB(15)=24656
FetchEngine(0):szBB(16)=19
FetchEngine(0):szBB(17)=25
FetchEngine(0):szBB(18)=16
FetchEngine(0):szBB(19)=27
FetchEngine(0):szBB(20)=24
FetchEngine(0):szBB(21)=17
FetchEngine(0):szBB(116)=1
FetchEngine(0):szBB(22)=10
FetchEngine(0):szBB(23)=24
FetchEngine(0):szBB(24)=13
FetchEngine(0):szBB(25)=3
FetchEngine(0):szBB(27)=5
FetchEngine(0):szBB(28)=6
FetchEngine(0):szBB(32)=2
FetchEngine(0):szBB(33)=10
FetchEngine(0):szBB(35)=1
FetchEngine(0):szBB(39)=1
FetchEngine(0):szBB(43)=1
FetchEngine(0):szBB_MaxKey=116
FetchEngine(0):szBB_Avg=22.650131
FetchEngine(0):szBB_Samples=67591
FetchEngine(0):szFB(1)=157
FetchEngine(0):szFB(2)=385
FetchEngine(0):szFB(3)=320
FetchEngine(0):szFB(101)=8190
FetchEngine(0):szFB(4)=331
FetchEngine(0):szFB(5)=708
FetchEngine(0):szFB(6)=1688
FetchEngine(0):szFB(7)=1033
FetchEngine(0):szFB(105)=1
FetchEngine(0):szFB(8)=122
FetchEngine(0):szFB(9)=1003
FetchEngine(0):szFB(10)=935
FetchEngine(0):szFB(11)=24756
FetchEngine(0):szFB(12)=150
FetchEngine(0):szFB(13)=94
FetchEngine(0):szFB(14)=104
FetchEngine(0):szFB(15)=24654
FetchEngine(0):szFB(16)=93
FetchEngine(0):szFB(17)=52
FetchEngine(0):szFB(18)=41
FetchEngine(0):szFB(19)=20
FetchEngine(0):szFB(20)=32
FetchEngine(0):szFB(21)=17
FetchEngine(0):szFB(22)=8
FetchEngine(0):szFB(23)=37
FetchEngine(0):szFB(24)=61
FetchEngine(0):szFB(122)=1
FetchEngine(0):szFB(25)=12
FetchEngine(0):szFB(26)=14
FetchEngine(0):szFB(27)=11
FetchEngine(0):szFB(28)=5
FetchEngine(0):szFB(29)=12
FetchEngine(0):szFB(30)=7
FetchEngine(0):szFB(31)=26
FetchEngine(0):szFB(32)=6
FetchEngine(0):szFB(33)=2
FetchEngine(0):szFB(34)=3
FetchEngine(0):szFB(35)=13
FetchEngine(0):szFB(36)=5
FetchEngine(0):szFB(37)=3
FetchEngine(0):szFB(40)=34
FetchEngine(0):szFB(41)=1
FetchEngine(0):szFB(43)=1
FetchEngine(0):szFB(45)=10
FetchEngine(0):szFB(49)=9
FetchEngine(0):szFB(51)=1
FetchEngine(0):szFB(59)=3
FetchEngine(0):szFB(61)=1
FetchEngine(0):szFB(72)=4
FetchEngine(0):szFB_MaxKey=122
FetchEngine(0):szFB_Avg=23.489398
FetchEngine(0):szFB_Samples=65176
FetchEngine(0):szFS(1)=61481
FetchEngine(0):szFS(2)=734736
FetchEngine(0):szFS_MaxKey=2
FetchEngine(0):szFS_Avg=1.922784
FetchEngine(0):szFS_Samples=796217
BPred(0)_RAS:nHit=549
BPred(0)_RAS:nMiss=4
BPred(0):nBranches=67591
BPred(0):nTaken=65176
BPred(0):nMiss=1771
BPred(0)_Hybrid:nHit=65271
BPred(0)_Hybrid:nMiss=1767
BPred(0)_BTB:nHit=63433
BPred(0)_BTB:nMiss=651
P(1)_DL1:readHit=0
P(1)_DL1:writeHit=0
P(1)_DL1:readMiss=0
P(1)_DL1:writeMiss=0
P(1)_DL1:readHalfMiss=0
P(1)_DL1:writeHalfMiss=0
P(1)_DL1:writeBack=0
P(1)_DL1:linePush=0
P(1)_DL1:lineFill=0
P(1)_DL1:readRetry=0
P(1)_DL1:writeRetry=0
P(1)_DL1:invalDirty=0
P(1)_DL1:allocDirty=0
P(1)_RTR_CTRLmsgCntHist(2)=10152
P(1)_RTR_CTRLmsgCntHist_MaxKey=2
P(1)_RTR_CTRLmsgCntHist_Avg=2.000000
P(1)_RTR_CTRLmsgCntHist_Samples=10152
P(1)_RTR_CTRLmsgS1Hist(2)=103709
P(1)_RTR_CTRLmsgS1Hist_MaxKey=2
P(1)_RTR_CTRLmsgS1Hist_Avg=2.000000
P(1)_RTR_CTRLmsgS1Hist_Samples=103709
P(1)_RTR_CTRLmsgS2Hist(2)=1106575
P(1)_RTR_CTRLmsgS2Hist_MaxKey=2
P(1)_RTR_CTRLmsgS2Hist_Avg=2.000000
P(1)_RTR_CTRLmsgS2Hist_Samples=1106575
P(1)_RTR_DATAmsgCntHist(2)=10019
P(1)_RTR_DATAmsgCntHist_MaxKey=2
P(1)_RTR_DATAmsgCntHist_Avg=2.000000
P(1)_RTR_DATAmsgCntHist_Samples=10019
P(1)_RTR_DATAmsgS1Hist(2)=135180
P(1)_RTR_DATAmsgS1Hist_MaxKey=2
P(1)_RTR_DATAmsgS1Hist_Avg=2.000000
P(1)_RTR_DATAmsgS1Hist_Samples=135180
P(1)_RTR_DATAmsgS2Hist(2)=1842628
P(1)_RTR_DATAmsgS2Hist_MaxKey=2
P(1)_RTR_DATAmsgS2Hist_Avg=2.000000
P(1)_RTR_DATAmsgS2Hist_Samples=1842628
P(1)_RTR_bus_occ:v=0:n=20685
P(1)_L2S:readHalfMiss=0
P(1)_L2S:writeHalfMiss=0
P(1)_L2S:writeMiss=0
P(1)_L2S:readMiss=514
P(1)_L2S:readHit=9638
P(1)_L2S:writeHit=0
P(1)_L2S:writeBack=0
P(1)_L2S:lineFill=514
P(1)_L2S:linePush=10019
P(1)_L2S:nForwarded=0
P(1)_L2S:nWBFull=0
P(1)_L2S_avgPendingWrites:v=0:n=0
P(1)_L2S_avgMissLat:v=210:n=514
P(1)_L2S:rejected=0
P(1)_L2S:rejectedHits=0
P(1)_L2S_DIR_occ:v=0:n=10019
P(1)_L2S_MSHR0_MSHR:nUse=514
P(1)_L2S_MSHR0_MSHR:nUseReads=514
P(1)_L2S_MSHR0_MSHR:nUseWrites=0
P(1)_L2S_MSHR0_MSHR:nOverflows=0
P(1)_L2S_MSHR0_MSHR_maxUsedEntries:max=4:n=514
P(1)_L2S_MSHR0_MSHR:nCanAccept=0
P(1)_L2S_MSHR0_MSHR:nCanNotAccept=0
P(1)_L2S_MSHR0_MSHR:nCanNotAcceptConv=0
P(1)_L2S_MSHR0_MSHR:blockingCycles_AutoAvg=0.000000
P(1)_L2S_MSHR0_MSHR_avgOverflowConsumptions:v=0:n=0
P(1)_L2S_MSHR0_MSHR_maxOutsReqs:max=4:n=514
P(1)_L2S_MSHR0_MSHR_avgReqsPerLine:v=1:n=514
P(1)_L2S_MSHR0_MSHR:nIssuesNewEntry=514
P(1)_L2S_MSHR0_MSHR:nCanNotAcceptSubEntryFull=0
P(1)_L2S_MSHR0_MSHR:nCanNotAcceptTooManyWrites=0
P(1)_L2S_MSHR0_MSHR_avgQueueSize:v=0:n=514
P(1)_L2S_MSHR0_MSHR_avgWritesPerLine:v=0:n=514
P(1)_L2S_MSHR0_MSHR_avgWritesPerLineComb:v=0:n=514
P(1)_L2S_MSHR0_MSHR:nOnlyWrites=0
P(1)_L2S_MSHR0_MSHR:nRetiredEntries=514
P(1)_L2S_MSHR0_MSHR:nRetiredEntriesWritten=0
P(1)_L2S_B0:nAccesses=0
P(1)_L2S_occ:v=0:n=20171
P(1)_L2S_B0_occ:v=0:n=20685
P(1)_L2S_MSHR_B0_occ:v=0.000648508:n=1542
P(1)_DL1_occ:v=0:n=0
P(1)_DL1_MSHR:nUse=0
P(1)_DL1_MSHR:nUseReads=0
P(1)_DL1_MSHR:nUseWrites=0
P(1)_DL1_MSHR:nOverflows=0
P(1)_DL1_MSHR_maxUsedEntries:max=0:n=0
P(1)_DL1_MSHR:nCanAccept=0
P(1)_DL1_MSHR:nCanNotAccept=0
P(1)_DL1_MSHR:nCanNotAcceptConv=0
P(1)_DL1_MSHR:blockingCycles_AutoAvg=0.000000
P(1)_DL1_MSHR_avgOverflowConsumptions:v=0:n=0
P(1)_DL1_MSHR_maxOutsReqs:max=0:n=0
P(1)_DL1_MSHR_avgReqsPerLine:v=0:n=0
P(1)_DL1_MSHR:nIssuesNewEntry=0
P(1)_DL1_MSHR:nCanNotAcceptSubEntryFull=0
P(1)_DL1_MSHR:nCanNotAcceptTooManyWrites=0
P(1)_DL1_MSHR_avgQueueSize:v=0:n=0
P(1)_DL1_MSHR_avgWritesPerLine:v=0:n=0
P(1)_DL1_MSHR_avgWritesPerLineComb:v=0:n=0
P(1)_DL1_MSHR:nOnlyWrites=0
P(1)_DL1_MSHR:nRetiredEntries=0
P(1)_DL1_MSHR:nRetiredEntriesWritten=0
P(1)_IL1:readHit=0
P(1)_IL1:writeHit=0
P(1)_IL1:readMiss=0
P(1)_IL1:writeMiss=0
P(1)_IL1:readHalfMiss=0
P(1)_IL1:writeHalfMiss=0
P(1)_IL1:writeBack=0
P(1)_IL1:linePush=0
P(1)_IL1:lineFill=0
P(1)_IL1:readRetry=0
P(1)_IL1:writeRetry=0
P(1)_IL1:invalDirty=0
P(1)_IL1:allocDirty=0
P(1)_IL1_occ:v=0:n=0
P(1)_IL1_MSHR:nUse=0
P(1)_IL1_MSHR:nUseReads=0
P(1)_IL1_MSHR:nUseWrites=0
P(1)_IL1_MSHR:nOverflows=0
P(1)_IL1_MSHR_maxUsedEntries:max=0:n=0
P(1)_IL1_MSHR:nCanAccept=0
P(1)_IL1_MSHR:nCanNotAccept=0
P(1)_IL1_MSHR:nCanNotAcceptConv=0
P(1)_IL1_MSHR:blockingCycles_AutoAvg=0.000000
P(1)_IL1_MSHR_avgOverflowConsumptions:v=0:n=0
P(1)_IL1_MSHR_maxOutsReqs:max=0:n=0
P(1)_IL1_MSHR_avgReqsPerLine:v=0:n=0
P(1)_IL1_MSHR:nIssuesNewEntry=0
P(1)_IL1_MSHR:nCanNotAcceptSubEntryFull=0
P(1)_IL1_MSHR:nCanNotAcceptTooManyWrites=0
P(1)_IL1_MSHR_avgQueueSize:v=0:n=0
P(1)_IL1_MSHR_avgWritesPerLine:v=0:n=0
P(1)_IL1_MSHR_avgWritesPerLineComb:v=0:n=0
P(1)_IL1_MSHR:nOnlyWrites=0
P(1)_IL1_MSHR:nRetiredEntries=0
P(1)_IL1_MSHR:nRetiredEntriesWritten=0
LDSTQ(1)_ldldViolations=0
LDSTQ(1)_stldViolations=0
LDSTQ(1)_ststViolations=0
LDSTQ(1)_stldForwarding=0
Proc(1)_FXClusterIssueX:nReplay=0
Proc(1)_FXClusterIssueX_wakeUp_occ:v=0:n=0
Proc(1)_FXClusterIssueX_sched_occ:v=0:n=0
Proc(1)_FXClusterIssueX_winNotUsed:v=0:n=0
ALUIssueX(1)_occ:v=0:n=0
LDSTIssueX(1)_occ:v=0:n=0
FULoad(1)_ldqNotUsed:v=0:n=0
FULoad(1):nForwarded=0
FUStore(1)_stqNotUsed:v=0:n=0
FUStore(1):nDeadStore=0
FUStore(1):nFences=0
FUStore(1):fenceStallCycles=0
Proc(1)_FPClusterIssueX:nReplay=0
Proc(1)_FPClusterIssueX_wakeUp_occ:v=0:n=0
Proc(1)_FPClusterIssueX_sched_occ:v=0:n=0
Proc(1)_FPClusterIssueX_winNotUsed:v=0:n=0
FPIssueX(1)_occ:v=0:n=0
Proc(1)_robUsed:v=0:n=0
Processor(1)_noFetch=0
Processor(1)_noFetch2=0
ExeEngine(1)_retired:v=0:n=0
ExeEngine(1):noRetOtherCause=0
Processor(1):nLocks=0
Processor(1):nLockContCycles=0
ExeEngine(1):nSmallWin=0
ExeEngine(1):nSmallROB=0
ExeEngine(1):nSmallREG=0
ExeEngine(1):nOutsLoads=0
ExeEngine(1):nOutsStores=0
ExeEngine(1):nOutsBranches=0
ExeEngine(1):nReplays=0
ExeEngine(1):PortConflict=0
ExeEngine(1):switch=0
ExeEngine(1):noRetSelf_iOpInvalid_NotExecuted=0
ExeEngine(1):noRetSelf_iALU_NotExecuted=0
ExeEngine(1):noRetSelf_iMult_NotExecuted=0
ExeEngine(1):noRetSelf_iDiv_NotExecuted=0
ExeEngine(1):noRetSelf_iBJ_NotExecuted=0
ExeEngine(1):noRetSelf_iLoad_NotExecuted=0
ExeEngine(1):noRetSelf_iStore_NotExecuted=0
ExeEngine(1):noRetSelf_fpALU_NotExecuted=0
ExeEngine(1):noRetSelf_fpMult_NotExecuted=0
ExeEngine(1):noRetSelf_fpDiv_NotExecuted=0
ExeEngine(1):noRetSelf_iFence_NotExecuted=0
ExeEngine(1):noRetSelf_iLoad_NotFinished=0
ExeEngine(1):noRetSelf_iStore_NoCacheSpace=0
ExeEngine(1):noRetSelf_iStore_NoCachePorts=0
ExeEngine(1):noRetSelf_iStore_WaitForFence=0
ExeEngine(1):noRetSelf_iFence_NoCacheSpace=0
ExeEngine(1):noRetSelf_iFence_WaitForFence=0
ExeEngine(1):noRetOther_iOpInvalid_NotExecuted=0
ExeEngine(1):noRetOther_iALU_NotExecuted=0
ExeEngine(1):noRetOther_iMult_NotExecuted=0
ExeEngine(1):noRetOther_iDiv_NotExecuted=0
ExeEngine(1):noRetOther_iBJ_NotExecuted=0
ExeEngine(1):noRetOther_iLoad_NotExecuted=0
ExeEngine(1):noRetOther_iStore_NotExecuted=0
ExeEngine(1):noRetOther_fpALU_NotExecuted=0
ExeEngine(1):noRetOther_fpMult_NotExecuted=0
ExeEngine(1):noRetOther_fpDiv_NotExecuted=0
ExeEngine(1):noRetOther_iFence_NotExecuted=0
ExeEngine(1):noRetOther_iLoad_NotFinished=0
ExeEngine(1):noRetOther_iStore_NoCacheSpace=0
ExeEngine(1):noRetOther_iStore_NoCachePorts=0
ExeEngine(1):noRetOther_iStore_WaitForFence=0
ExeEngine(1):noRetOther_iFence_NoCacheSpace=0
ExeEngine(1):noRetOther_iFence_WaitForFence=0
PendingWindow(1)_iOpInvalid:n=0
PendingWindow(1)_iALU:n=0
PendingWindow(1)_iComplex:n=0
PendingWindow(1)_iBJ:n=0
PendingWindow(1)_iLoad:n=0
PendingWindow(1)_iStore:n=0
PendingWindow(1)_fpALU:n=0
PendingWindow(1)_fpComplex:n=0
PendingWindow(1)_other:n=0
FetchEngine(1)_avgBranchTime:v=0:n=0
FetchEngine(1)_avgInstsFetched:v=0:n=0
FetchEngine(1):nDelayInst1=0
FetchEngine(1):nDelayInst2=0
FetchEngine(1):nFetched=0
FetchEngine(1):nBTAC=0
FetchEngine(1):szBB_MaxKey=0
FetchEngine(1):szBB_Avg=-nan
FetchEngine(1):szBB_Samples=0
FetchEngine(1):szFB_MaxKey=0
FetchEngine(1):szFB_Avg=-nan
FetchEngine(1):szFB_Samples=0
FetchEngine(1):szFS_MaxKey=0
FetchEngine(1):szFS_Avg=-nan
FetchEngine(1):szFS_Samples=0
BPred(1)_RAS:nHit=0
BPred(1)_RAS:nMiss=0
BPred(1):nBranches=0
BPred(1):nTaken=0
BPred(1):nMiss=0
BPred(1)_Hybrid:nHit=0
BPred(1)_Hybrid:nMiss=0
BPred(1)_BTB:nHit=0
BPred(1)_BTB:nMiss=0
P(2)_DL1:readHit=0
P(2)_DL1:writeHit=0
P(2)_DL1:readMiss=0
P(2)_DL1:writeMiss=0
P(2)_DL1:readHalfMiss=0
P(2)_DL1:writeHalfMiss=0
P(2)_DL1:writeBack=0
P(2)_DL1:linePush=0
P(2)_DL1:lineFill=0
P(2)_DL1:readRetry=0
P(2)_DL1:writeRetry=0
P(2)_DL1:invalDirty=0
P(2)_DL1:allocDirty=0
P(2)_RTR_CTRLmsgCntHist(2)=8792
P(2)_RTR_CTRLmsgCntHist_MaxKey=2
P(2)_RTR_CTRLmsgCntHist_Avg=2.000000
P(2)_RTR_CTRLmsgCntHist_Samples=8792
P(2)_RTR_CTRLmsgS1Hist(2)=89911
P(2)_RTR_CTRLmsgS1Hist_MaxKey=2
P(2)_RTR_CTRLmsgS1Hist_Avg=2.000000
P(2)_RTR_CTRLmsgS1Hist_Samples=89911
P(2)_RTR_CTRLmsgS2Hist(2)=960191
P(2)_RTR_CTRLmsgS2Hist_MaxKey=2
P(2)_RTR_CTRLmsgS2Hist_Avg=2.000000
P(2)_RTR_CTRLmsgS2Hist_Samples=960191
P(2)_RTR_DATAmsgCntHist(2)=8660
P(2)_RTR_DATAmsgCntHist_MaxKey=2
P(2)_RTR_DATAmsgCntHist_Avg=2.000000
P(2)_RTR_DATAmsgCntHist_Samples=8660
P(2)_RTR_DATAmsgS1Hist(2)=117053
P(2)_RTR_DATAmsgS1Hist_MaxKey=2
P(2)_RTR_DATAmsgS1Hist_Avg=2.000000
P(2)_RTR_DATAmsgS1Hist_Samples=117053
P(2)_RTR_DATAmsgS2Hist(2)=1598763
P(2)_RTR_DATAmsgS2Hist_MaxKey=2
P(2)_RTR_DATAmsgS2Hist_Avg=2.000000
P(2)_RTR_DATAmsgS2Hist_Samples=1598763
P(2)_RTR_bus_occ:v=0:n=17951
P(2)_L2S:readHalfMiss=0
P(2)_L2S:writeHalfMiss=0
P(2)_L2S:writeMiss=0
P(2)_L2S:readMiss=499
P(2)_L2S:readHit=8293
P(2)_L2S:writeHit=0
P(2)_L2S:writeBack=0
P(2)_L2S:lineFill=499
P(2)_L2S:linePush=8660
P(2)_L2S:nForwarded=0
P(2)_L2S:nWBFull=0
P(2)_L2S_avgPendingWrites:v=0:n=0
P(2)_L2S_avgMissLat:v=210:n=499
P(2)_L2S:rejected=0
P(2)_L2S:rejectedHits=0
P(2)_L2S_DIR_occ:v=0:n=8660
P(2)_L2S_MSHR0_MSHR:nUse=499
P(2)_L2S_MSHR0_MSHR:nUseReads=499
P(2)_L2S_MSHR0_MSHR:nUseWrites=0
P(2)_L2S_MSHR0_MSHR:nOverflows=0
P(2)_L2S_MSHR0_MSHR_maxUsedEntries:max=4:n=499
P(2)_L2S_MSHR0_MSHR:nCanAccept=0
P(2)_L2S_MSHR0_MSHR:nCanNotAccept=0
P(2)_L2S_MSHR0_MSHR:nCanNotAcceptConv=0
P(2)_L2S_MSHR0_MSHR:blockingCycles_AutoAvg=0.000000
P(2)_L2S_MSHR0_MSHR_avgOverflowConsumptions:v=0:n=0
P(2)_L2S_MSHR0_MSHR_maxOutsReqs:max=4:n=499
P(2)_L2S_MSHR0_MSHR_avgReqsPerLine:v=1:n=499
P(2)_L2S_MSHR0_MSHR:nIssuesNewEntry=499
P(2)_L2S_MSHR0_MSHR:nCanNotAcceptSubEntryFull=0
P(2)_L2S_MSHR0_MSHR:nCanNotAcceptTooManyWrites=0
P(2)_L2S_MSHR0_MSHR_avgQueueSize:v=0:n=499
P(2)_L2S_MSHR0_MSHR_avgWritesPerLine:v=0:n=499
P(2)_L2S_MSHR0_MSHR_avgWritesPerLineComb:v=0:n=499
P(2)_L2S_MSHR0_MSHR:nOnlyWrites=0
P(2)_L2S_MSHR0_MSHR:nRetiredEntries=499
P(2)_L2S_MSHR0_MSHR:nRetiredEntriesWritten=0
P(2)_L2S_B0:nAccesses=0
P(2)_L2S_occ:v=0:n=17452
P(2)_L2S_B0_occ:v=0:n=17951
P(2)_L2S_MSHR_B0_occ:v=0.000668003:n=1497
P(2)_DL1_occ:v=0:n=0
P(2)_DL1_MSHR:nUse=0
P(2)_DL1_MSHR:nUseReads=0
P(2)_DL1_MSHR:nUseWrites=0
P(2)_DL1_MSHR:nOverflows=0
P(2)_DL1_MSHR_maxUsedEntries:max=0:n=0
P(2)_DL1_MSHR:nCanAccept=0
P(2)_DL1_MSHR:nCanNotAccept=0
P(2)_DL1_MSHR:nCanNotAcceptConv=0
P(2)_DL1_MSHR:blockingCycles_AutoAvg=0.000000
P(2)_DL1_MSHR_avgOverflowConsumptions:v=0:n=0
P(2)_DL1_MSHR_maxOutsReqs:max=0:n=0
P(2)_DL1_MSHR_avgReqsPerLine:v=0:n=0
P(2)_DL1_MSHR:nIssuesNewEntry=0
P(2)_DL1_MSHR:nCanNotAcceptSubEntryFull=0
P(2)_DL1_MSHR:nCanNotAcceptTooManyWrites=0
P(2)_DL1_MSHR_avgQueueSize:v=0:n=0
P(2)_DL1_MSHR_avgWritesPerLine:v=0:n=0
P(2)_DL1_MSHR_avgWritesPerLineComb:v=0:n=0
P(2)_DL1_MSHR:nOnlyWrites=0
P(2)_DL1_MSHR:nRetiredEntries=0
P(2)_DL1_MSHR:nRetiredEntriesWritten=0
P(2)_IL1:readHit=0
P(2)_IL1:writeHit=0
P(2)_IL1:readMiss=0
P(2)_IL1:writeMiss=0
P(2)_IL1:readHalfMiss=0
P(2)_IL1:writeHalfMiss=0
P(2)_IL1:writeBack=0
P(2)_IL1:linePush=0
P(2)_IL1:lineFill=0
P(2)_IL1:readRetry=0
P(2)_IL1:writeRetry=0
P(2)_IL1:invalDirty=0
P(2)_IL1:allocDirty=0
P(2)_IL1_occ:v=0:n=0
P(2)_IL1_MSHR:nUse=0
P(2)_IL1_MSHR:nUseReads=0
P(2)_IL1_MSHR:nUseWrites=0
P(2)_IL1_MSHR:nOverflows=0
P(2)_IL1_MSHR_maxUsedEntries:max=0:n=0
P(2)_IL1_MSHR:nCanAccept=0
P(2)_IL1_MSHR:nCanNotAccept=0
P(2)_IL1_MSHR:nCanNotAcceptConv=0
P(2)_IL1_MSHR:blockingCycles_AutoAvg=0.000000
P(2)_IL1_MSHR_avgOverflowConsumptions:v=0:n=0
P(2)_IL1_MSHR_maxOutsReqs:max=0:n=0
P(2)_IL1_MSHR_avgReqsPerLine:v=0:n=0
P(2)_IL1_MSHR:nIssuesNewEntry=0
P(2)_IL1_MSHR:nCanNotAcceptSubEntryFull=0
P(2)_IL1_MSHR:nCanNotAcceptTooManyWrites=0
P(2)_IL1_MSHR_avgQueueSize:v=0:n=0
P(2)_IL1_MSHR_avgWritesPerLine:v=0:n=0
P(2)_IL1_MSHR_avgWritesPerLineComb:v=0:n=0
P(2)_IL1_MSHR:nOnlyWrites=0
P(2)_IL1_MSHR:nRetiredEntries=0
P(2)_IL1_MSHR:nRetiredEntriesWritten=0
LDSTQ(2)_ldldViolations=0
LDSTQ(2)_stldViolations=0
LDSTQ(2)_ststViolations=0
LDSTQ(2)_stldForwarding=0
Proc(2)_FXClusterIssueX:nReplay=0
Proc(2)_FXClusterIssueX_wakeUp_occ:v=0:n=0
Proc(2)_FXClusterIssueX_sched_occ:v=0:n=0
Proc(2)_FXClusterIssueX_winNotUsed:v=0:n=0
ALUIssueX(2)_occ:v=0:n=0
LDSTIssueX(2)_occ:v=0:n=0
FULoad(2)_ldqNotUsed:v=0:n=0
FULoad(2):nForwarded=0
FUStore(2)_stqNotUsed:v=0:n=0
FUStore(2):nDeadStore=0
FUStore(2):nFences=0
FUStore(2):fenceStallCycles=0
Proc(2)_FPClusterIssueX:nReplay=0
Proc(2)_FPClusterIssueX_wakeUp_occ:v=0:n=0
Proc(2)_FPClusterIssueX_sched_occ:v=0:n=0
Proc(2)_FPClusterIssueX_winNotUsed:v=0:n=0
FPIssueX(2)_occ:v=0:n=0
Proc(2)_robUsed:v=0:n=0
Processor(2)_noFetch=0
Processor(2)_noFetch2=0
ExeEngine(2)_retired:v=0:n=0
ExeEngine(2):noRetOtherCause=0
Processor(2):nLocks=0
Processor(2):nLockContCycles=0
ExeEngine(2):nSmallWin=0
ExeEngine(2):nSmallROB=0
ExeEngine(2):nSmallREG=0
ExeEngine(2):nOutsLoads=0
ExeEngine(2):nOutsStores=0
ExeEngine(2):nOutsBranches=0
ExeEngine(2):nReplays=0
ExeEngine(2):PortConflict=0
ExeEngine(2):switch=0
ExeEngine(2):noRetSelf_iOpInvalid_NotExecuted=0
ExeEngine(2):noRetSelf_iALU_NotExecuted=0
ExeEngine(2):noRetSelf_iMult_NotExecuted=0
ExeEngine(2):noRetSelf_iDiv_NotExecuted=0
ExeEngine(2):noRetSelf_iBJ_NotExecuted=0
ExeEngine(2):noRetSelf_iLoad_NotExecuted=0
ExeEngine(2):noRetSelf_iStore_NotExecuted=0
ExeEngine(2):noRetSelf_fpALU_NotExecuted=0
ExeEngine(2):noRetSelf_fpMult_NotExecuted=0
ExeEngine(2):noRetSelf_fpDiv_NotExecuted=0
ExeEngine(2):noRetSelf_iFence_NotExecuted=0
ExeEngine(2):noRetSelf_iLoad_NotFinished=0
ExeEngine(2):noRetSelf_iStore_NoCacheSpace=0
ExeEngine(2):noRetSelf_iStore_NoCachePorts=0
ExeEngine(2):noRetSelf_iStore_WaitForFence=0
ExeEngine(2):noRetSelf_iFence_NoCacheSpace=0
ExeEngine(2):noRetSelf_iFence_WaitForFence=0
ExeEngine(2):noRetOther_iOpInvalid_NotExecuted=0
ExeEngine(2):noRetOther_iALU_NotExecuted=0
ExeEngine(2):noRetOther_iMult_NotExecuted=0
ExeEngine(2):noRetOther_iDiv_NotExecuted=0
ExeEngine(2):noRetOther_iBJ_NotExecuted=0
ExeEngine(2):noRetOther_iLoad_NotExecuted=0
ExeEngine(2):noRetOther_iStore_NotExecuted=0
ExeEngine(2):noRetOther_fpALU_NotExecuted=0
ExeEngine(2):noRetOther_fpMult_NotExecuted=0
ExeEngine(2):noRetOther_fpDiv_NotExecuted=0
ExeEngine(2):noRetOther_iFence_NotExecuted=0
ExeEngine(2):noRetOther_iLoad_NotFinished=0
ExeEngine(2):noRetOther_iStore_NoCacheSpace=0
ExeEngine(2):noRetOther_iStore_NoCachePorts=0
ExeEngine(2):noRetOther_iStore_WaitForFence=0
ExeEngine(2):noRetOther_iFence_NoCacheSpace=0
ExeEngine(2):noRetOther_iFence_WaitForFence=0
PendingWindow(2)_iOpInvalid:n=0
PendingWindow(2)_iALU:n=0
PendingWindow(2)_iComplex:n=0
PendingWindow(2)_iBJ:n=0
PendingWindow(2)_iLoad:n=0
PendingWindow(2)_iStore:n=0
PendingWindow(2)_fpALU:n=0
PendingWindow(2)_fpComplex:n=0
PendingWindow(2)_other:n=0
FetchEngine(2)_avgBranchTime:v=0:n=0
FetchEngine(2)_avgInstsFetched:v=0:n=0
FetchEngine(2):nDelayInst1=0
FetchEngine(2):nDelayInst2=0
FetchEngine(2):nFetched=0
FetchEngine(2):nBTAC=0
FetchEngine(2):szBB_MaxKey=0
FetchEngine(2):szBB_Avg=-nan
FetchEngine(2):szBB_Samples=0
FetchEngine(2):szFB_MaxKey=0
FetchEngine(2):szFB_Avg=-nan
FetchEngine(2):szFB_Samples=0
FetchEngine(2):szFS_MaxKey=0
FetchEngine(2):szFS_Avg=-nan
FetchEngine(2):szFS_Samples=0
BPred(2)_RAS:nHit=0
BPred(2)_RAS:nMiss=0
BPred(2):nBranches=0
BPred(2):nTaken=0
BPred(2):nMiss=0
BPred(2)_Hybrid:nHit=0
BPred(2)_Hybrid:nMiss=0
BPred(2)_BTB:nHit=0
BPred(2)_BTB:nMiss=0
P(3)_DL1:readHit=0
P(3)_DL1:writeHit=0
P(3)_DL1:readMiss=0
P(3)_DL1:writeMiss=0
P(3)_DL1:readHalfMiss=0
P(3)_DL1:writeHalfMiss=0
P(3)_DL1:writeBack=0
P(3)_DL1:linePush=0
P(3)_DL1:lineFill=0
P(3)_DL1:readRetry=0
P(3)_DL1:writeRetry=0
P(3)_DL1:invalDirty=0
P(3)_DL1:allocDirty=0
P(3)_RTR_CTRLmsgCntHist(3)=8814
P(3)_RTR_CTRLmsgCntHist_MaxKey=3
P(3)_RTR_CTRLmsgCntHist_Avg=3.000000
P(3)_RTR_CTRLmsgCntHist_Samples=8814
P(3)_RTR_CTRLmsgS1Hist(3)=114269
P(3)_RTR_CTRLmsgS1Hist_MaxKey=3
P(3)_RTR_CTRLmsgS1Hist_Avg=3.000000
P(3)_RTR_CTRLmsgS1Hist_Samples=114269
P(3)_RTR_CTRLmsgS2Hist(3)=1515263
P(3)_RTR_CTRLmsgS2Hist_MaxKey=3
P(3)_RTR_CTRLmsgS2Hist_Avg=3.000000
P(3)_RTR_CTRLmsgS2Hist_Samples=1515263
P(3)_RTR_DATAmsgCntHist(3)=8684
P(3)_RTR_DATAmsgCntHist_MaxKey=3
P(3)_RTR_DATAmsgCntHist_Avg=3.000000
P(3)_RTR_DATAmsgCntHist_Samples=8684
P(3)_RTR_DATAmsgS1Hist(3)=143224
P(3)_RTR_DATAmsgS1Hist_MaxKey=3
P(3)_RTR_DATAmsgS1Hist_Avg=3.000000
P(3)_RTR_DATAmsgS1Hist_Samples=143224
P(3)_RTR_DATAmsgS2Hist(3)=2378020
P(3)_RTR_DATAmsgS2Hist_MaxKey=3
P(3)_RTR_DATAmsgS2Hist_Avg=3.000000
P(3)_RTR_DATAmsgS2Hist_Samples=2378020
P(3)_RTR_bus_occ:v=0:n=17995
P(3)_L2S:readHalfMiss=0
P(3)_L2S:writeHalfMiss=0
P(3)_L2S:writeMiss=0
P(3)_L2S:readMiss=497
P(3)_L2S:readHit=8317
P(3)_L2S:writeHit=0
P(3)_L2S:writeBack=0
P(3)_L2S:lineFill=497
P(3)_L2S:linePush=8684
P(3)_L2S:nForwarded=0
P(3)_L2S:nWBFull=0
P(3)_L2S_avgPendingWrites:v=0:n=0
P(3)_L2S_avgMissLat:v=210:n=497
P(3)_L2S:rejected=0
P(3)_L2S:rejectedHits=0
P(3)_L2S_DIR_occ:v=0:n=8684
P(3)_L2S_MSHR0_MSHR:nUse=497
P(3)_L2S_MSHR0_MSHR:nUseReads=497
P(3)_L2S_MSHR0_MSHR:nUseWrites=0
P(3)_L2S_MSHR0_MSHR:nOverflows=0
P(3)_L2S_MSHR0_MSHR_maxUsedEntries:max=3:n=497
P(3)_L2S_MSHR0_MSHR:nCanAccept=0
P(3)_L2S_MSHR0_MSHR:nCanNotAccept=0
P(3)_L2S_MSHR0_MSHR:nCanNotAcceptConv=0
P(3)_L2S_MSHR0_MSHR:blockingCycles_AutoAvg=0.000000
P(3)_L2S_MSHR0_MSHR_avgOverflowConsumptions:v=0:n=0
P(3)_L2S_MSHR0_MSHR_maxOutsReqs:max=3:n=497
P(3)_L2S_MSHR0_MSHR_avgReqsPerLine:v=1:n=497
P(3)_L2S_MSHR0_MSHR:nIssuesNewEntry=497
P(3)_L2S_MSHR0_MSHR:nCanNotAcceptSubEntryFull=0
P(3)_L2S_MSHR0_MSHR:nCanNotAcceptTooManyWrites=0
P(3)_L2S_MSHR0_MSHR_avgQueueSize:v=0:n=497
P(3)_L2S_MSHR0_MSHR_avgWritesPerLine:v=0:n=497
P(3)_L2S_MSHR0_MSHR_avgWritesPerLineComb:v=0:n=497
P(3)_L2S_MSHR0_MSHR:nOnlyWrites=0
P(3)_L2S_MSHR0_MSHR:nRetiredEntries=497
P(3)_L2S_MSHR0_MSHR:nRetiredEntriesWritten=0
P(3)_L2S_B0:nAccesses=0
P(3)_L2S_occ:v=0:n=17498
P(3)_L2S_B0_occ:v=0:n=17995
P(3)_L2S_MSHR_B0_occ:v=0:n=1491
P(3)_DL1_occ:v=0:n=0
P(3)_DL1_MSHR:nUse=0
P(3)_DL1_MSHR:nUseReads=0
P(3)_DL1_MSHR:nUseWrites=0
P(3)_DL1_MSHR:nOverflows=0
P(3)_DL1_MSHR_maxUsedEntries:max=0:n=0
P(3)_DL1_MSHR:nCanAccept=0
P(3)_DL1_MSHR:nCanNotAccept=0
P(3)_DL1_MSHR:nCanNotAcceptConv=0
P(3)_DL1_MSHR:blockingCycles_AutoAvg=0.000000
P(3)_DL1_MSHR_avgOverflowConsumptions:v=0:n=0
P(3)_DL1_MSHR_maxOutsReqs:max=0:n=0
P(3)_DL1_MSHR_avgReqsPerLine:v=0:n=0
P(3)_DL1_MSHR:nIssuesNewEntry=0
P(3)_DL1_MSHR:nCanNotAcceptSubEntryFull=0
P(3)_DL1_MSHR:nCanNotAcceptTooManyWrites=0
P(3)_DL1_MSHR_avgQueueSize:v=0:n=0
P(3)_DL1_MSHR_avgWritesPerLine:v=0:n=0
P(3)_DL1_MSHR_avgWritesPerLineComb:v=0:n=0
P(3)_DL1_MSHR:nOnlyWrites=0
P(3)_DL1_MSHR:nRetiredEntries=0
P(3)_DL1_MSHR:nRetiredEntriesWritten=0
P(3)_IL1:readHit=0
P(3)_IL1:writeHit=0
P(3)_IL1:readMiss=0
P(3)_IL1:writeMiss=0
P(3)_IL1:readHalfMiss=0
P(3)_IL1:writeHalfMiss=0
P(3)_IL1:writeBack=0
P(3)_IL1:linePush=0
P(3)_IL1:lineFill=0
P(3)_IL1:readRetry=0
P(3)_IL1:writeRetry=0
P(3)_IL1:invalDirty=0
P(3)_IL1:allocDirty=0
P(3)_IL1_occ:v=0:n=0
P(3)_IL1_MSHR:nUse=0
P(3)_IL1_MSHR:nUseReads=0
P(3)_IL1_MSHR:nUseWrites=0
P(3)_IL1_MSHR:nOverflows=0
P(3)_IL1_MSHR_maxUsedEntries:max=0:n=0
P(3)_IL1_MSHR:nCanAccept=0
P(3)_IL1_MSHR:nCanNotAccept=0
P(3)_IL1_MSHR:nCanNotAcceptConv=0
P(3)_IL1_MSHR:blockingCycles_AutoAvg=0.000000
P(3)_IL1_MSHR_avgOverflowConsumptions:v=0:n=0
P(3)_IL1_MSHR_maxOutsReqs:max=0:n=0
P(3)_IL1_MSHR_avgReqsPerLine:v=0:n=0
P(3)_IL1_MSHR:nIssuesNewEntry=0
P(3)_IL1_MSHR:nCanNotAcceptSubEntryFull=0
P(3)_IL1_MSHR:nCanNotAcceptTooManyWrites=0
P(3)_IL1_MSHR_avgQueueSize:v=0:n=0
P(3)_IL1_MSHR_avgWritesPerLine:v=0:n=0
P(3)_IL1_MSHR_avgWritesPerLineComb:v=0:n=0
P(3)_IL1_MSHR:nOnlyWrites=0
P(3)_IL1_MSHR:nRetiredEntries=0
P(3)_IL1_MSHR:nRetiredEntriesWritten=0
LDSTQ(3)_ldldViolations=0
LDSTQ(3)_stldViolations=0
LDSTQ(3)_ststViolations=0
LDSTQ(3)_stldForwarding=0
Proc(3)_FXClusterIssueX:nReplay=0
Proc(3)_FXClusterIssueX_wakeUp_occ:v=0:n=0
Proc(3)_FXClusterIssueX_sched_occ:v=0:n=0
Proc(3)_FXClusterIssueX_winNotUsed:v=0:n=0
ALUIssueX(3)_occ:v=0:n=0
LDSTIssueX(3)_occ:v=0:n=0
FULoad(3)_ldqNotUsed:v=0:n=0
FULoad(3):nForwarded=0
FUStore(3)_stqNotUsed:v=0:n=0
FUStore(3):nDeadStore=0
FUStore(3):nFences=0
FUStore(3):fenceStallCycles=0
Proc(3)_FPClusterIssueX:nReplay=0
Proc(3)_FPClusterIssueX_wakeUp_occ:v=0:n=0
Proc(3)_FPClusterIssueX_sched_occ:v=0:n=0
Proc(3)_FPClusterIssueX_winNotUsed:v=0:n=0
FPIssueX(3)_occ:v=0:n=0
Proc(3)_robUsed:v=0:n=0
Processor(3)_noFetch=0
Processor(3)_noFetch2=0
ExeEngine(3)_retired:v=0:n=0
ExeEngine(3):noRetOtherCause=0
Processor(3):nLocks=0
Processor(3):nLockContCycles=0
ExeEngine(3):nSmallWin=0
ExeEngine(3):nSmallROB=0
ExeEngine(3):nSmallREG=0
ExeEngine(3):nOutsLoads=0
ExeEngine(3):nOutsStores=0
ExeEngine(3):nOutsBranches=0
ExeEngine(3):nReplays=0
ExeEngine(3):PortConflict=0
ExeEngine(3):switch=0
ExeEngine(3):noRetSelf_iOpInvalid_NotExecuted=0
ExeEngine(3):noRetSelf_iALU_NotExecuted=0
ExeEngine(3):noRetSelf_iMult_NotExecuted=0
ExeEngine(3):noRetSelf_iDiv_NotExecuted=0
ExeEngine(3):noRetSelf_iBJ_NotExecuted=0
ExeEngine(3):noRetSelf_iLoad_NotExecuted=0
ExeEngine(3):noRetSelf_iStore_NotExecuted=0
ExeEngine(3):noRetSelf_fpALU_NotExecuted=0
ExeEngine(3):noRetSelf_fpMult_NotExecuted=0
ExeEngine(3):noRetSelf_fpDiv_NotExecuted=0
ExeEngine(3):noRetSelf_iFence_NotExecuted=0
ExeEngine(3):noRetSelf_iLoad_NotFinished=0
ExeEngine(3):noRetSelf_iStore_NoCacheSpace=0
ExeEngine(3):noRetSelf_iStore_NoCachePorts=0
ExeEngine(3):noRetSelf_iStore_WaitForFence=0
ExeEngine(3):noRetSelf_iFence_NoCacheSpace=0
ExeEngine(3):noRetSelf_iFence_WaitForFence=0
ExeEngine(3):noRetOther_iOpInvalid_NotExecuted=0
ExeEngine(3):noRetOther_iALU_NotExecuted=0
ExeEngine(3):noRetOther_iMult_NotExecuted=0
ExeEngine(3):noRetOther_iDiv_NotExecuted=0
ExeEngine(3):noRetOther_iBJ_NotExecuted=0
ExeEngine(3):noRetOther_iLoad_NotExecuted=0
ExeEngine(3):noRetOther_iStore_NotExecuted=0
ExeEngine(3):noRetOther_fpALU_NotExecuted=0
ExeEngine(3):noRetOther_fpMult_NotExecuted=0
ExeEngine(3):noRetOther_fpDiv_NotExecuted=0
ExeEngine(3):noRetOther_iFence_NotExecuted=0
ExeEngine(3):noRetOther_iLoad_NotFinished=0
ExeEngine(3):noRetOther_iStore_NoCacheSpace=0
ExeEngine(3):noRetOther_iStore_NoCachePorts=0
ExeEngine(3):noRetOther_iStore_WaitForFence=0
ExeEngine(3):noRetOther_iFence_NoCacheSpace=0
ExeEngine(3):noRetOther_iFence_WaitForFence=0
PendingWindow(3)_iOpInvalid:n=0
PendingWindow(3)_iALU:n=0
PendingWindow(3)_iComplex:n=0
PendingWindow(3)_iBJ:n=0
PendingWindow(3)_iLoad:n=0
PendingWindow(3)_iStore:n=0
PendingWindow(3)_fpALU:n=0
PendingWindow(3)_fpComplex:n=0
PendingWindow(3)_other:n=0
FetchEngine(3)_avgBranchTime:v=0:n=0
FetchEngine(3)_avgInstsFetched:v=0:n=0
FetchEngine(3):nDelayInst1=0
FetchEngine(3):nDelayInst2=0
FetchEngine(3):nFetched=0
FetchEngine(3):nBTAC=0
FetchEngine(3):szBB_MaxKey=0
FetchEngine(3):szBB_Avg=-nan
FetchEngine(3):szBB_Samples=0
FetchEngine(3):szFB_MaxKey=0
FetchEngine(3):szFB_Avg=-nan
FetchEngine(3):szFB_Samples=0
FetchEngine(3):szFS_MaxKey=0
FetchEngine(3):szFS_Avg=-nan
FetchEngine(3):szFS_Samples=0
BPred(3)_RAS:nHit=0
BPred(3)_RAS:nMiss=0
BPred(3):nBranches=0
BPred(3):nTaken=0
BPred(3):nMiss=0
BPred(3)_Hybrid:nHit=0
BPred(3)_Hybrid:nMiss=0
BPred(3)_BTB:nHit=0
BPred(3)_BTB:nMiss=0
END GStats::report Final
OSSim:endTime=Wed Mar  4 11:52:01 2020

